<?xml version="1.0" encoding="utf-8"?>
<test-run id="2" testcasecount="160" result="Passed" total="160" passed="159" failed="0" inconclusive="0" skipped="1" asserts="0" engine-version="3.5.0.0" clr-version="4.0.30319.42000" start-time="2026-03-24 07:58:17Z" end-time="2026-03-24 07:59:29Z" duration="72.4048732">
  <test-suite type="TestSuite" id="1000" name="Shrimp" fullname="Shrimp" runstate="Runnable" testcasecount="160" result="Passed" start-time="2026-03-24 07:58:17Z" end-time="2026-03-24 07:59:29Z" duration="72.404873" total="160" passed="159" failed="0" inconclusive="0" skipped="1" asserts="0">
    <properties />
    <test-suite type="Assembly" id="1191" name="ThirdPersonController.PlayModeTests.dll" fullname="C:/test/Shrimp/Library/ScriptAssemblies/ThirdPersonController.PlayModeTests.dll" runstate="Runnable" testcasecount="160" result="Passed" start-time="2026-03-24 07:58:17Z" end-time="2026-03-24 07:59:29Z" duration="72.398280" total="160" passed="159" failed="0" inconclusive="0" skipped="1" asserts="0">
      <properties>
        <property name="_PID" value="27712" />
        <property name="_APPDOMAIN" value="Unity Child Domain" />
        <property name="platform" value="PlayMode" />
      </properties>
      <test-suite type="TestSuite" id="1192" name="ThirdPersonController" fullname="ThirdPersonController" runstate="Runnable" testcasecount="160" result="Passed" start-time="2026-03-24 07:58:17Z" end-time="2026-03-24 07:59:29Z" duration="72.397489" total="160" passed="159" failed="0" inconclusive="0" skipped="1" asserts="0">
        <properties />
        <test-suite type="TestSuite" id="1193" name="Tests" fullname="ThirdPersonController.Tests" runstate="Runnable" testcasecount="160" result="Passed" start-time="2026-03-24 07:58:17Z" end-time="2026-03-24 07:59:29Z" duration="72.396905" total="160" passed="159" failed="0" inconclusive="0" skipped="1" asserts="0">
          <properties />
          <test-suite type="TestFixture" id="1001" name="AudioPriorityRegressionTests" fullname="ThirdPersonController.Tests.AudioPriorityRegressionTests" classname="ThirdPersonController.Tests.AudioPriorityRegressionTests" runstate="Runnable" testcasecount="3" result="Passed" start-time="2026-03-24 07:58:17Z" end-time="2026-03-24 07:58:17Z" duration="0.032225" total="3" passed="3" failed="0" inconclusive="0" skipped="0" asserts="0">
            <properties />
            <test-case id="1002" name="AudioManager_PlaySFX_HighPriority_UsesPriorityChannel" fullname="ThirdPersonController.Tests.AudioPriorityRegressionTests.AudioManager_PlaySFX_HighPriority_UsesPriorityChannel" methodname="AudioManager_PlaySFX_HighPriority_UsesPriorityChannel" classname="ThirdPersonController.Tests.AudioPriorityRegressionTests" runstate="Runnable" seed="333615291" result="Passed" start-time="2026-03-24 07:58:17Z" end-time="2026-03-24 07:58:17Z" duration="0.020048" asserts="0">
              <properties />
              <output><![CDATA[[Singleton] An instance of ThirdPersonController.AudioManager was created.
]]></output>
            </test-case>
            <test-case id="1003" name="AudioManager_PlaySFX_NormalPriority_UsesPooledChannel" fullname="ThirdPersonController.Tests.AudioPriorityRegressionTests.AudioManager_PlaySFX_NormalPriority_UsesPooledChannel" methodname="AudioManager_PlaySFX_NormalPriority_UsesPooledChannel" classname="ThirdPersonController.Tests.AudioPriorityRegressionTests" runstate="Runnable" seed="142926781" result="Passed" start-time="2026-03-24 07:58:17Z" end-time="2026-03-24 07:58:17Z" duration="0.001019" asserts="0">
              <properties />
            </test-case>
            <test-case id="1004" name="AudioManager_PlaySFXAtPosition_CriticalPriority_RoutesToPriorityChannel" fullname="ThirdPersonController.Tests.AudioPriorityRegressionTests.AudioManager_PlaySFXAtPosition_CriticalPriority_RoutesToPriorityChannel" methodname="AudioManager_PlaySFXAtPosition_CriticalPriority_RoutesToPriorityChannel" classname="ThirdPersonController.Tests.AudioPriorityRegressionTests" runstate="Runnable" seed="101877711" result="Passed" start-time="2026-03-24 07:58:17Z" end-time="2026-03-24 07:58:17Z" duration="0.000456" asserts="0">
              <properties />
            </test-case>
          </test-suite>
          <test-suite type="TestFixture" id="1005" name="BossCombatDepthRegressionTests" fullname="ThirdPersonController.Tests.BossCombatDepthRegressionTests" classname="ThirdPersonController.Tests.BossCombatDepthRegressionTests" runstate="Runnable" testcasecount="20" result="Passed" start-time="2026-03-24 07:58:17Z" end-time="2026-03-24 07:58:18Z" duration="0.844347" total="20" passed="20" failed="0" inconclusive="0" skipped="0" asserts="0">
            <properties />
            <output><![CDATA[There are no audio listeners in the scene. Please ensure there is always one audio listener in the scene
]]></output>
            <test-case id="1006" name="BossCombatTemplate_SelectSkill_PrefersInRangeSkill" fullname="ThirdPersonController.Tests.BossCombatDepthRegressionTests.BossCombatTemplate_SelectSkill_PrefersInRangeSkill" methodname="BossCombatTemplate_SelectSkill_PrefersInRangeSkill" classname="ThirdPersonController.Tests.BossCombatDepthRegressionTests" runstate="Runnable" seed="1490469348" result="Passed" start-time="2026-03-24 07:58:17Z" end-time="2026-03-24 07:58:17Z" duration="0.005932" asserts="0">
              <properties />
            </test-case>
            <test-case id="1017" name="BossController_AttackPlanning_DistanceWeightingAvoidsOutOfRangeSpam" fullname="ThirdPersonController.Tests.BossCombatDepthRegressionTests.BossController_AttackPlanning_DistanceWeightingAvoidsOutOfRangeSpam" methodname="BossController_AttackPlanning_DistanceWeightingAvoidsOutOfRangeSpam" classname="ThirdPersonController.Tests.BossCombatDepthRegressionTests" runstate="Runnable" seed="1473888590" result="Passed" start-time="2026-03-24 07:58:17Z" end-time="2026-03-24 07:58:17Z" duration="0.009023" asserts="0">
              <properties />
              <output><![CDATA[Failed to create agent because there is no valid NavMesh
]]></output>
            </test-case>
            <test-case id="1022" name="BossController_AttackTimeline_LowFpsCoarseStep_CompletesSingleCycle" fullname="ThirdPersonController.Tests.BossCombatDepthRegressionTests.BossController_AttackTimeline_LowFpsCoarseStep_CompletesSingleCycle" methodname="BossController_AttackTimeline_LowFpsCoarseStep_CompletesSingleCycle" classname="ThirdPersonController.Tests.BossCombatDepthRegressionTests" runstate="Runnable" seed="1616649194" result="Passed" start-time="2026-03-24 07:58:17Z" end-time="2026-03-24 07:58:17Z" duration="0.164435" asserts="0">
              <properties>
                <property name="_JOINTYPE" value="UnityCombinatorial" />
              </properties>
              <output><![CDATA[Failed to create agent because there is no valid NavMesh
]]></output>
            </test-case>
            <test-case id="1016" name="BossController_BreakAndQueue_RespectCoreRules" fullname="ThirdPersonController.Tests.BossCombatDepthRegressionTests.BossController_BreakAndQueue_RespectCoreRules" methodname="BossController_BreakAndQueue_RespectCoreRules" classname="ThirdPersonController.Tests.BossCombatDepthRegressionTests" runstate="Runnable" seed="286200676" result="Passed" start-time="2026-03-24 07:58:17Z" end-time="2026-03-24 07:58:17Z" duration="0.001840" asserts="0">
              <properties />
              <output><![CDATA[[Steam] Achievement unlocked: breaker
]]></output>
            </test-case>
            <test-case id="1019" name="BossController_BreakWindowEnd_PostBreakPunish_SeedsImmediateReengageTimers" fullname="ThirdPersonController.Tests.BossCombatDepthRegressionTests.BossController_BreakWindowEnd_PostBreakPunish_SeedsImmediateReengageTimers" methodname="BossController_BreakWindowEnd_PostBreakPunish_SeedsImmediateReengageTimers" classname="ThirdPersonController.Tests.BossCombatDepthRegressionTests" runstate="Runnable" seed="1627032047" result="Passed" start-time="2026-03-24 07:58:17Z" end-time="2026-03-24 07:58:17Z" duration="0.004681" asserts="0">
              <properties />
              <output><![CDATA[Failed to create agent because there is no valid NavMesh
]]></output>
            </test-case>
            <test-case id="1021" name="BossController_EffectiveDecisionInterval_ScalesWithTimePressure" fullname="ThirdPersonController.Tests.BossCombatDepthRegressionTests.BossController_EffectiveDecisionInterval_ScalesWithTimePressure" methodname="BossController_EffectiveDecisionInterval_ScalesWithTimePressure" classname="ThirdPersonController.Tests.BossCombatDepthRegressionTests" runstate="Runnable" seed="1477664682" result="Passed" start-time="2026-03-24 07:58:17Z" end-time="2026-03-24 07:58:17Z" duration="0.001780" asserts="0">
              <properties />
              <output><![CDATA[Failed to create agent because there is no valid NavMesh
]]></output>
            </test-case>
            <test-case id="1024" name="BossController_InterruptRecoveryGate_BlocksImmediateRestartAfterStun" fullname="ThirdPersonController.Tests.BossCombatDepthRegressionTests.BossController_InterruptRecoveryGate_BlocksImmediateRestartAfterStun" methodname="BossController_InterruptRecoveryGate_BlocksImmediateRestartAfterStun" classname="ThirdPersonController.Tests.BossCombatDepthRegressionTests" runstate="Runnable" seed="1677321637" result="Passed" start-time="2026-03-24 07:58:17Z" end-time="2026-03-24 07:58:17Z" duration="0.302653" asserts="0">
              <properties>
                <property name="_JOINTYPE" value="UnityCombinatorial" />
              </properties>
              <output><![CDATA[Failed to create agent because there is no valid NavMesh
]]></output>
            </test-case>
            <test-case id="1023" name="BossController_Phase2ComboChain_QueuesFollowupAfterOpener" fullname="ThirdPersonController.Tests.BossCombatDepthRegressionTests.BossController_Phase2ComboChain_QueuesFollowupAfterOpener" methodname="BossController_Phase2ComboChain_QueuesFollowupAfterOpener" classname="ThirdPersonController.Tests.BossCombatDepthRegressionTests" runstate="Runnable" seed="926562350" result="Passed" start-time="2026-03-24 07:58:17Z" end-time="2026-03-24 07:58:18Z" duration="0.321264" asserts="0">
              <properties>
                <property name="_JOINTYPE" value="UnityCombinatorial" />
              </properties>
              <output><![CDATA[Failed to create agent because there is no valid NavMesh
]]></output>
            </test-case>
            <test-case id="1015" name="BossController_Phase3PriorityWindow_ForcesSpecialAttackQueue" fullname="ThirdPersonController.Tests.BossCombatDepthRegressionTests.BossController_Phase3PriorityWindow_ForcesSpecialAttackQueue" methodname="BossController_Phase3PriorityWindow_ForcesSpecialAttackQueue" classname="ThirdPersonController.Tests.BossCombatDepthRegressionTests" runstate="Runnable" seed="1917835758" result="Passed" start-time="2026-03-24 07:58:18Z" end-time="2026-03-24 07:58:18Z" duration="0.000980" asserts="0">
              <properties />
            </test-case>
            <test-case id="1011" name="BossController_PhaseTransition_AdvancesWithHealthThresholds" fullname="ThirdPersonController.Tests.BossCombatDepthRegressionTests.BossController_PhaseTransition_AdvancesWithHealthThresholds" methodname="BossController_PhaseTransition_AdvancesWithHealthThresholds" classname="ThirdPersonController.Tests.BossCombatDepthRegressionTests" runstate="Runnable" seed="85873133" result="Passed" start-time="2026-03-24 07:58:18Z" end-time="2026-03-24 07:58:18Z" duration="0.002903" asserts="0">
              <properties />
            </test-case>
            <test-case id="1012" name="BossController_PhaseTransition_QueuesConfiguredOpenerAttack" fullname="ThirdPersonController.Tests.BossCombatDepthRegressionTests.BossController_PhaseTransition_QueuesConfiguredOpenerAttack" methodname="BossController_PhaseTransition_QueuesConfiguredOpenerAttack" classname="ThirdPersonController.Tests.BossCombatDepthRegressionTests" runstate="Runnable" seed="1697985216" result="Passed" start-time="2026-03-24 07:58:18Z" end-time="2026-03-24 07:58:18Z" duration="0.000921" asserts="0">
              <properties />
            </test-case>
            <test-case id="1014" name="BossController_PhaseTransitionOpenerRetry_ExhaustsRetriesUnderCoarseDelta_AndClearsPendingState" fullname="ThirdPersonController.Tests.BossCombatDepthRegressionTests.BossController_PhaseTransitionOpenerRetry_ExhaustsRetriesUnderCoarseDelta_AndClearsPendingState" methodname="BossController_PhaseTransitionOpenerRetry_ExhaustsRetriesUnderCoarseDelta_AndClearsPendingState" classname="ThirdPersonController.Tests.BossCombatDepthRegressionTests" runstate="Runnable" seed="2108428855" result="Passed" start-time="2026-03-24 07:58:18Z" end-time="2026-03-24 07:58:18Z" duration="0.001173" asserts="0">
              <properties />
            </test-case>
            <test-case id="1013" name="BossController_PhaseTransitionOpenerRetry_QueuesWhenInitialCooldownBlocksImmediateQueue" fullname="ThirdPersonController.Tests.BossCombatDepthRegressionTests.BossController_PhaseTransitionOpenerRetry_QueuesWhenInitialCooldownBlocksImmediateQueue" methodname="BossController_PhaseTransitionOpenerRetry_QueuesWhenInitialCooldownBlocksImmediateQueue" classname="ThirdPersonController.Tests.BossCombatDepthRegressionTests" runstate="Runnable" seed="2123502544" result="Passed" start-time="2026-03-24 07:58:18Z" end-time="2026-03-24 07:58:18Z" duration="0.001005" asserts="0">
              <properties />
            </test-case>
            <test-case id="1018" name="BossController_PostBreakPunish_ModifiesIntervalsAndChaseSpeed" fullname="ThirdPersonController.Tests.BossCombatDepthRegressionTests.BossController_PostBreakPunish_ModifiesIntervalsAndChaseSpeed" methodname="BossController_PostBreakPunish_ModifiesIntervalsAndChaseSpeed" classname="ThirdPersonController.Tests.BossCombatDepthRegressionTests" runstate="Runnable" seed="139646793" result="Passed" start-time="2026-03-24 07:58:18Z" end-time="2026-03-24 07:58:18Z" duration="0.001609" asserts="0">
              <properties />
              <output><![CDATA[Failed to create agent because there is no valid NavMesh
]]></output>
            </test-case>
            <test-case id="1020" name="BossController_TimePressure_RampsDamageAndSpeedWithFightDuration" fullname="ThirdPersonController.Tests.BossCombatDepthRegressionTests.BossController_TimePressure_RampsDamageAndSpeedWithFightDuration" methodname="BossController_TimePressure_RampsDamageAndSpeedWithFightDuration" classname="ThirdPersonController.Tests.BossCombatDepthRegressionTests" runstate="Runnable" seed="476763783" result="Passed" start-time="2026-03-24 07:58:18Z" end-time="2026-03-24 07:58:18Z" duration="0.001176" asserts="0">
              <properties />
              <output><![CDATA[Failed to create agent because there is no valid NavMesh
]]></output>
            </test-case>
            <test-case id="1009" name="BossEelPrototype_ChainRushMiss_OpensPunishWindowInPhase2" fullname="ThirdPersonController.Tests.BossCombatDepthRegressionTests.BossEelPrototype_ChainRushMiss_OpensPunishWindowInPhase2" methodname="BossEelPrototype_ChainRushMiss_OpensPunishWindowInPhase2" classname="ThirdPersonController.Tests.BossCombatDepthRegressionTests" runstate="Runnable" seed="1857417842" result="Passed" start-time="2026-03-24 07:58:18Z" end-time="2026-03-24 07:58:18Z" duration="0.002020" asserts="0">
              <properties />
            </test-case>
            <test-case id="1007" name="BossEelPrototype_VortexSkill_PullsPlayerCloser" fullname="ThirdPersonController.Tests.BossCombatDepthRegressionTests.BossEelPrototype_VortexSkill_PullsPlayerCloser" methodname="BossEelPrototype_VortexSkill_PullsPlayerCloser" classname="ThirdPersonController.Tests.BossCombatDepthRegressionTests" runstate="Runnable" seed="470570440" result="Passed" start-time="2026-03-24 07:58:18Z" end-time="2026-03-24 07:58:18Z" duration="0.002720" asserts="0">
              <properties />
            </test-case>
            <test-case id="1008" name="BossGuardianPrototype_Overload_TriggersMultiPulse" fullname="ThirdPersonController.Tests.BossCombatDepthRegressionTests.BossGuardianPrototype_Overload_TriggersMultiPulse" methodname="BossGuardianPrototype_Overload_TriggersMultiPulse" classname="ThirdPersonController.Tests.BossCombatDepthRegressionTests" runstate="Runnable" seed="2035561849" result="Passed" start-time="2026-03-24 07:58:18Z" end-time="2026-03-24 07:58:18Z" duration="0.001727" asserts="0">
              <properties />
            </test-case>
            <test-case id="1010" name="BossGuardianPrototype_ShieldWhiff_PunishWindowAmplifiesBreakPressure" fullname="ThirdPersonController.Tests.BossCombatDepthRegressionTests.BossGuardianPrototype_ShieldWhiff_PunishWindowAmplifiesBreakPressure" methodname="BossGuardianPrototype_ShieldWhiff_PunishWindowAmplifiesBreakPressure" classname="ThirdPersonController.Tests.BossCombatDepthRegressionTests" runstate="Runnable" seed="1897495861" result="Passed" start-time="2026-03-24 07:58:18Z" end-time="2026-03-24 07:58:18Z" duration="0.001362" asserts="0">
              <properties />
            </test-case>
            <test-case id="1025" name="BossSpawnPoint_EncounterTuning_AppliesToSpawnedController" fullname="ThirdPersonController.Tests.BossCombatDepthRegressionTests.BossSpawnPoint_EncounterTuning_AppliesToSpawnedController" methodname="BossSpawnPoint_EncounterTuning_AppliesToSpawnedController" classname="ThirdPersonController.Tests.BossCombatDepthRegressionTests" runstate="Runnable" seed="1490222061" result="Passed" start-time="2026-03-24 07:58:18Z" end-time="2026-03-24 07:58:18Z" duration="0.011568" asserts="0">
              <properties />
              <output><![CDATA[Failed to create agent because there is no valid NavMesh
Failed to create agent because there is no valid NavMesh
]]></output>
            </test-case>
          </test-suite>
          <test-suite type="TestFixture" id="1026" name="BossEncounterClosureRegressionTests" fullname="ThirdPersonController.Tests.BossEncounterClosureRegressionTests" classname="ThirdPersonController.Tests.BossEncounterClosureRegressionTests" runstate="Runnable" testcasecount="5" result="Passed" start-time="2026-03-24 07:58:18Z" end-time="2026-03-24 07:58:18Z" duration="0.014261" total="5" passed="5" failed="0" inconclusive="0" skipped="0" asserts="0">
            <properties />
            <test-case id="1028" name="StrongholdSequence_BossDefeatedFirst_CompletesAfterStrongholdChain" fullname="ThirdPersonController.Tests.BossEncounterClosureRegressionTests.StrongholdSequence_BossDefeatedFirst_CompletesAfterStrongholdChain" methodname="StrongholdSequence_BossDefeatedFirst_CompletesAfterStrongholdChain" classname="ThirdPersonController.Tests.BossEncounterClosureRegressionTests" runstate="Runnable" seed="37541101" result="Passed" start-time="2026-03-24 07:58:18Z" end-time="2026-03-24 07:58:18Z" duration="0.006174" asserts="0">
              <properties />
              <output><![CDATA[[Steam] Achievement unlocked: silent_sanctum
[Steam] Achievement unlocked: glass_cannon
]]></output>
            </test-case>
            <test-case id="1029" name="StrongholdSequence_BossDefeatEventStorm_CompletesOnlyOnce" fullname="ThirdPersonController.Tests.BossEncounterClosureRegressionTests.StrongholdSequence_BossDefeatEventStorm_CompletesOnlyOnce" methodname="StrongholdSequence_BossDefeatEventStorm_CompletesOnlyOnce" classname="ThirdPersonController.Tests.BossEncounterClosureRegressionTests" runstate="Runnable" seed="603917672" result="Passed" start-time="2026-03-24 07:58:18Z" end-time="2026-03-24 07:58:18Z" duration="0.002757" asserts="0">
              <properties />
              <output><![CDATA[Failed to create agent because there is no valid NavMesh
]]></output>
            </test-case>
            <test-case id="1027" name="StrongholdSequence_BossGate_WaitsForBossBeforeCompletion" fullname="ThirdPersonController.Tests.BossEncounterClosureRegressionTests.StrongholdSequence_BossGate_WaitsForBossBeforeCompletion" methodname="StrongholdSequence_BossGate_WaitsForBossBeforeCompletion" classname="ThirdPersonController.Tests.BossEncounterClosureRegressionTests" runstate="Runnable" seed="788011873" result="Passed" start-time="2026-03-24 07:58:18Z" end-time="2026-03-24 07:58:18Z" duration="0.002002" asserts="0">
              <properties />
              <output><![CDATA[Failed to create agent because there is no valid NavMesh
[Steam] Achievement unlocked: abyss_core
]]></output>
            </test-case>
            <test-case id="1030" name="StrongholdSequence_ConfigureBossGate_RebindsWithoutDuplicateHandlers" fullname="ThirdPersonController.Tests.BossEncounterClosureRegressionTests.StrongholdSequence_ConfigureBossGate_RebindsWithoutDuplicateHandlers" methodname="StrongholdSequence_ConfigureBossGate_RebindsWithoutDuplicateHandlers" classname="ThirdPersonController.Tests.BossEncounterClosureRegressionTests" runstate="Runnable" seed="734560049" result="Passed" start-time="2026-03-24 07:58:18Z" end-time="2026-03-24 07:58:18Z" duration="0.000678" asserts="0">
              <properties />
            </test-case>
            <test-case id="1031" name="StrongholdSequence_ConfigureStrongholds_RebindsWithoutDuplicateHandlers" fullname="ThirdPersonController.Tests.BossEncounterClosureRegressionTests.StrongholdSequence_ConfigureStrongholds_RebindsWithoutDuplicateHandlers" methodname="StrongholdSequence_ConfigureStrongholds_RebindsWithoutDuplicateHandlers" classname="ThirdPersonController.Tests.BossEncounterClosureRegressionTests" runstate="Runnable" seed="1760002776" result="Passed" start-time="2026-03-24 07:58:18Z" end-time="2026-03-24 07:58:18Z" duration="0.000880" asserts="0">
              <properties />
            </test-case>
          </test-suite>
          <test-suite type="TestFixture" id="1032" name="BossLevel10GateRegressionTests" fullname="ThirdPersonController.Tests.BossLevel10GateRegressionTests" classname="ThirdPersonController.Tests.BossLevel10GateRegressionTests" runstate="Runnable" testcasecount="5" result="Passed" start-time="2026-03-24 07:58:18Z" end-time="2026-03-24 07:58:21Z" duration="2.892754" total="5" passed="5" failed="0" inconclusive="0" skipped="0" asserts="0">
            <properties />
            <test-case id="1035" name="Level08And09Scenes_BossGateAndEncounterTuning_AreRuntimeAligned" fullname="ThirdPersonController.Tests.BossLevel10GateRegressionTests.Level08And09Scenes_BossGateAndEncounterTuning_AreRuntimeAligned" methodname="Level08And09Scenes_BossGateAndEncounterTuning_AreRuntimeAligned" classname="ThirdPersonController.Tests.BossLevel10GateRegressionTests" runstate="Runnable" seed="1352114301" result="Passed" start-time="2026-03-24 07:58:18Z" end-time="2026-03-24 07:58:19Z" duration="1.766662" asserts="0">
              <properties>
                <property name="_JOINTYPE" value="UnityCombinatorial" />
              </properties>
              <output><![CDATA["Mesh_0" mesh has over 2,097,152 triangles in it, and is using the Fast Midphase option. This might cause certain collisions to not be detected correctly due to an issue in the physics engine. If you observe that in your project, a workaround could be to turn off the Fast Midphase option for this particular mesh.
[Input] Binding conflict scan: no duplicate keyboard bindings found.
[SkillManager] Startup | player=True stamina=True input=True action=True buffer=True timeline=True skills=6/6 autoLoad=True
[SkillManager] Resource gap | slot=0 skill=Whirlwind iconMissing=True audioMissing=True fxMissing=True
[SkillManager] Resource gap | slot=1 skill=Shockwave iconMissing=True audioMissing=True fxMissing=True
[SkillManager] Resource gap | slot=2 skill=Dash Attack iconMissing=True audioMissing=True fxMissing=True
[SkillManager] Resource gap | slot=3 skill=Berserk iconMissing=True audioMissing=True fxMissing=True
[SkillManager] Resource gap | slot=4 skill=Pull iconMissing=True audioMissing=True fxMissing=True
[SkillManager] Resource gap | slot=5 skill=Ultimate Judgment iconMissing=True audioMissing=True fxMissing=True
[SkillManager] Resource audit summary | anyGap=6 iconGap=6 audioGap=6 fxGap=6
[Spawner] G=spawn wave, F8=spawn 50, Delete=clear enemies.
[PlayerExperienceSystem] Startup | level=1 exp=0/120 maxLevel=50 talentTree=True save=True
[QuestSystem] Startup | questDb=True exp=True inventory=True pearlDb=False wallet=True available=2 active=2 autoSave=True saveState=True
[UI_QuestTracker] Startup | questSystem=True container=False itemPrefab=False fallback=True
[UI_StrongholdWavePanel] Startup | sequence=True canvasGroup=False title=False wave=False remaining=False state=False fallback=True
[Save] 游戏已保存: C:/Users/Administrator/AppData/LocalLow/DefaultCompany/Shrimp\savegame.dat
[Save] 游戏已保存: C:/Users/Administrator/AppData/LocalLow/DefaultCompany/Shrimp\savegame.dat
[Save] 游戏已保存: C:/Users/Administrator/AppData/LocalLow/DefaultCompany/Shrimp\savegame.dat
[Save] 游戏已保存: C:/Users/Administrator/AppData/LocalLow/DefaultCompany/Shrimp\savegame.dat
"Mesh_0" mesh has over 2,097,152 triangles in it, and is using the Fast Midphase option. This might cause certain collisions to not be detected correctly due to an issue in the physics engine. If you observe that in your project, a workaround could be to turn off the Fast Midphase option for this particular mesh.
[Singleton] Multiple instances of ThirdPersonController.UIManager found. Destroying duplicate.
[SkillManager] Startup | player=True stamina=True input=True action=True buffer=True timeline=True skills=6/6 autoLoad=True
[SkillManager] Resource gap | slot=0 skill=Whirlwind iconMissing=True audioMissing=True fxMissing=True
[SkillManager] Resource gap | slot=1 skill=Shockwave iconMissing=True audioMissing=True fxMissing=True
[SkillManager] Resource gap | slot=2 skill=Dash Attack iconMissing=True audioMissing=True fxMissing=True
[SkillManager] Resource gap | slot=3 skill=Berserk iconMissing=True audioMissing=True fxMissing=True
[SkillManager] Resource gap | slot=4 skill=Pull iconMissing=True audioMissing=True fxMissing=True
[SkillManager] Resource gap | slot=5 skill=Ultimate Judgment iconMissing=True audioMissing=True fxMissing=True
[SkillManager] Resource audit summary | anyGap=6 iconGap=6 audioGap=6 fxGap=6
[Spawner] G=spawn wave, F8=spawn 50, Delete=clear enemies.
[PlayerExperienceSystem] Startup | level=1 exp=0/120 maxLevel=50 talentTree=True save=True
[QuestSystem] Startup | questDb=True exp=True inventory=True pearlDb=False wallet=True available=2 active=2 autoSave=True saveState=True
[UI_QuestTracker] Startup | questSystem=True container=False itemPrefab=False fallback=True
[UI_StrongholdWavePanel] Startup | sequence=True canvasGroup=False title=False wave=False remaining=False state=False fallback=True
[Save] 游戏已保存: C:/Users/Administrator/AppData/LocalLow/DefaultCompany/Shrimp\savegame.dat
[Save] 游戏已保存: C:/Users/Administrator/AppData/LocalLow/DefaultCompany/Shrimp\savegame.dat
[Save] 游戏已保存: C:/Users/Administrator/AppData/LocalLow/DefaultCompany/Shrimp\savegame.dat
]]></output>
            </test-case>
            <test-case id="1037" name="Level08To10SceneSwitch_BossDefeatEventStorm_ResolvesSingleCompletion" fullname="ThirdPersonController.Tests.BossLevel10GateRegressionTests.Level08To10SceneSwitch_BossDefeatEventStorm_ResolvesSingleCompletion" methodname="Level08To10SceneSwitch_BossDefeatEventStorm_ResolvesSingleCompletion" classname="ThirdPersonController.Tests.BossLevel10GateRegressionTests" runstate="Runnable" seed="1626263754" result="Passed" start-time="2026-03-24 07:58:19Z" end-time="2026-03-24 07:58:20Z" duration="0.858905" asserts="0">
              <properties>
                <property name="_JOINTYPE" value="UnityCombinatorial" />
              </properties>
            </test-case>
            <test-case id="1036" name="Level08To10SceneSwitchAndReentry_BossGateBinding_RemainsSingle" fullname="ThirdPersonController.Tests.BossLevel10GateRegressionTests.Level08To10SceneSwitchAndReentry_BossGateBinding_RemainsSingle" methodname="Level08To10SceneSwitchAndReentry_BossGateBinding_RemainsSingle" classname="ThirdPersonController.Tests.BossLevel10GateRegressionTests" runstate="Runnable" seed="1547038167" result="Passed" start-time="2026-03-24 07:58:20Z" end-time="2026-03-24 07:58:21Z" duration="0.191559" asserts="0">
              <properties>
                <property name="_JOINTYPE" value="UnityCombinatorial" />
              </properties>
              <output><![CDATA[<color=#0099bc><b>DOTWEEN ► </b></color>Tween startup failed (NULL target/property - ): the tween will now be killed ► The object of type 'CanvasGroup' has been destroyed but you are still trying to access it.
Your script should either check if it is null or you should not destroy the object.
[Singleton] Multiple instances of ThirdPersonController.UIManager found. Destroying duplicate.
[SkillManager] Startup | player=True stamina=True input=True action=True buffer=True timeline=True skills=6/6 autoLoad=True
[SkillManager] Resource gap | slot=0 skill=Whirlwind iconMissing=True audioMissing=True fxMissing=True
[SkillManager] Resource gap | slot=1 skill=Shockwave iconMissing=True audioMissing=True fxMissing=True
[SkillManager] Resource gap | slot=2 skill=Dash Attack iconMissing=True audioMissing=True fxMissing=True
[SkillManager] Resource gap | slot=3 skill=Berserk iconMissing=True audioMissing=True fxMissing=True
[SkillManager] Resource gap | slot=4 skill=Pull iconMissing=True audioMissing=True fxMissing=True
[SkillManager] Resource gap | slot=5 skill=Ultimate Judgment iconMissing=True audioMissing=True fxMissing=True
[SkillManager] Resource audit summary | anyGap=6 iconGap=6 audioGap=6 fxGap=6
[Spawner] G=spawn wave, F8=spawn 50, Delete=clear enemies.
[PlayerExperienceSystem] Startup | level=1 exp=0/120 maxLevel=50 talentTree=True save=True
[QuestSystem] Startup | questDb=True exp=True inventory=True pearlDb=False wallet=True available=2 active=2 autoSave=True saveState=True
[UI_QuestTracker] Startup | questSystem=True container=False itemPrefab=False fallback=True
[UI_StrongholdWavePanel] Startup | sequence=True canvasGroup=False title=False wave=False remaining=False state=False fallback=True
[Save] 游戏已保存: C:/Users/Administrator/AppData/LocalLow/DefaultCompany/Shrimp\savegame.dat
[Save] 游戏已保存: C:/Users/Administrator/AppData/LocalLow/DefaultCompany/Shrimp\savegame.dat
[Save] 游戏已保存: C:/Users/Administrator/AppData/LocalLow/DefaultCompany/Shrimp\savegame.dat
[Singleton] Multiple instances of ThirdPersonController.UIManager found. Destroying duplicate.
[SkillManager] Startup | player=True stamina=True input=True action=True buffer=True timeline=True skills=6/6 autoLoad=True
[SkillManager] Resource gap | slot=0 skill=Whirlwind iconMissing=True audioMissing=True fxMissing=True
[SkillManager] Resource gap | slot=1 skill=Shockwave iconMissing=True audioMissing=True fxMissing=True
[SkillManager] Resource gap | slot=2 skill=Dash Attack iconMissing=True audioMissing=True fxMissing=True
[SkillManager] Resource gap | slot=3 skill=Berserk iconMissing=True audioMissing=True fxMissing=True
[SkillManager] Resource gap | slot=4 skill=Pull iconMissing=True audioMissing=True fxMissing=True
[SkillManager] Resource gap | slot=5 skill=Ultimate Judgment iconMissing=True audioMissing=True fxMissing=True
[SkillManager] Resource audit summary | anyGap=6 iconGap=6 audioGap=6 fxGap=6
[Spawner] G=spawn wave, F8=spawn 50, Delete=clear enemies.
[PlayerExperienceSystem] Startup | level=1 exp=0/120 maxLevel=50 talentTree=True save=True
[QuestSystem] Startup | questDb=True exp=True inventory=True pearlDb=False wallet=True available=2 active=2 autoSave=True saveState=True
[UI_QuestTracker] Startup | questSystem=True container=False itemPrefab=False fallback=True
[UI_StrongholdWavePanel] Startup | sequence=True canvasGroup=False title=False wave=False remaining=False state=False fallback=True
[Save] 游戏已保存: C:/Users/Administrator/AppData/LocalLow/DefaultCompany/Shrimp\savegame.dat
[Save] 游戏已保存: C:/Users/Administrator/AppData/LocalLow/DefaultCompany/Shrimp\savegame.dat
[Save] 游戏已保存: C:/Users/Administrator/AppData/LocalLow/DefaultCompany/Shrimp\savegame.dat
[Singleton] Multiple instances of ThirdPersonController.UIManager found. Destroying duplicate.
[SkillManager] Startup | player=True stamina=True input=True action=True buffer=True timeline=True skills=6/6 autoLoad=True
[SkillManager] Resource gap | slot=0 skill=Whirlwind iconMissing=True audioMissing=True fxMissing=True
[SkillManager] Resource gap | slot=1 skill=Shockwave iconMissing=True audioMissing=True fxMissing=True
[SkillManager] Resource gap | slot=2 skill=Dash Attack iconMissing=True audioMissing=True fxMissing=True
[SkillManager] Resource gap | slot=3 skill=Berserk iconMissing=True audioMissing=True fxMissing=True
[SkillManager] Resource gap | slot=4 skill=Pull iconMissing=True audioMissing=True fxMissing=True
[SkillManager] Resource gap | slot=5 skill=Ultimate Judgment iconMissing=True audioMissing=True fxMissing=True
[SkillManager] Resource audit summary | anyGap=6 iconGap=6 audioGap=6 fxGap=6
[Spawner] G=spawn wave, F8=spawn 50, Delete=clear enemies.
[PlayerExperienceSystem] Startup | level=1 exp=0/120 maxLevel=50 talentTree=True save=True
[QuestSystem] Startup | questDb=True exp=True inventory=True pearlDb=False wallet=True available=2 active=2 autoSave=True saveState=True
[UI_QuestTracker] Startup | questSystem=True container=False itemPrefab=False fallback=True
[UI_StrongholdWavePanel] Startup | sequence=True canvasGroup=False title=False wave=False remaining=False state=False fallback=True
[Save] 游戏已保存: C:/Users/Administrator/AppData/LocalLow/DefaultCompany/Shrimp\savegame.dat
[Save] 游戏已保存: C:/Users/Administrator/AppData/LocalLow/DefaultCompany/Shrimp\savegame.dat
[Save] 游戏已保存: C:/Users/Administrator/AppData/LocalLow/DefaultCompany/Shrimp\savegame.dat
[Singleton] Multiple instances of ThirdPersonController.UIManager found. Destroying duplicate.
[SkillManager] Startup | player=True stamina=True input=True action=True buffer=True timeline=True skills=6/6 autoLoad=True
[SkillManager] Resource gap | slot=0 skill=Whirlwind iconMissing=True audioMissing=True fxMissing=True
[SkillManager] Resource gap | slot=1 skill=Shockwave iconMissing=True audioMissing=True fxMissing=True
[SkillManager] Resource gap | slot=2 skill=Dash Attack iconMissing=True audioMissing=True fxMissing=True
[SkillManager] Resource gap | slot=3 skill=Berserk iconMissing=True audioMissing=True fxMissing=True
[SkillManager] Resource gap | slot=4 skill=Pull iconMissing=True audioMissing=True fxMissing=True
[SkillManager] Resource gap | slot=5 skill=Ultimate Judgment iconMissing=True audioMissing=True fxMissing=True
[SkillManager] Resource audit summary | anyGap=6 iconGap=6 audioGap=6 fxGap=6
[Spawner] G=spawn wave, F8=spawn 50, Delete=clear enemies.
[PlayerExperienceSystem] Startup | level=1 exp=0/120 maxLevel=50 talentTree=True save=True
[QuestSystem] Startup | questDb=True exp=True inventory=True pearlDb=False wallet=True available=2 active=2 autoSave=True saveState=True
[UI_QuestTracker] Startup | questSystem=True container=False itemPrefab=False fallback=True
[UI_StrongholdWavePanel] Startup | sequence=True canvasGroup=False title=False wave=False remaining=False state=False fallback=True
[Save] 游戏已保存: C:/Users/Administrator/AppData/LocalLow/DefaultCompany/Shrimp\savegame.dat
[Save] 游戏已保存: C:/Users/Administrator/AppData/LocalLow/DefaultCompany/Shrimp\savegame.dat
[Save] 游戏已保存: C:/Users/Administrator/AppData/LocalLow/DefaultCompany/Shrimp\savegame.dat
]]></output>
            </test-case>
            <test-case id="1034" name="Level10Scene_BossGateChain_IsWiredForStrongholdThenBossFlow" fullname="ThirdPersonController.Tests.BossLevel10GateRegressionTests.Level10Scene_BossGateChain_IsWiredForStrongholdThenBossFlow" methodname="Level10Scene_BossGateChain_IsWiredForStrongholdThenBossFlow" classname="ThirdPersonController.Tests.BossLevel10GateRegressionTests" runstate="Runnable" seed="2086312363" result="Passed" start-time="2026-03-24 07:58:21Z" end-time="2026-03-24 07:58:21Z" duration="0.065006" asserts="0">
              <properties>
                <property name="_JOINTYPE" value="UnityCombinatorial" />
              </properties>
              <output><![CDATA[[Singleton] Multiple instances of ThirdPersonController.UIManager found. Destroying duplicate.
[SkillManager] Startup | player=True stamina=True input=True action=True buffer=True timeline=True skills=6/6 autoLoad=True
[SkillManager] Resource gap | slot=0 skill=Whirlwind iconMissing=True audioMissing=True fxMissing=True
[SkillManager] Resource gap | slot=1 skill=Shockwave iconMissing=True audioMissing=True fxMissing=True
[SkillManager] Resource gap | slot=2 skill=Dash Attack iconMissing=True audioMissing=True fxMissing=True
[SkillManager] Resource gap | slot=3 skill=Berserk iconMissing=True audioMissing=True fxMissing=True
[SkillManager] Resource gap | slot=4 skill=Pull iconMissing=True audioMissing=True fxMissing=True
[SkillManager] Resource gap | slot=5 skill=Ultimate Judgment iconMissing=True audioMissing=True fxMissing=True
[SkillManager] Resource audit summary | anyGap=6 iconGap=6 audioGap=6 fxGap=6
[Spawner] G=spawn wave, F8=spawn 50, Delete=clear enemies.
[PlayerExperienceSystem] Startup | level=1 exp=0/120 maxLevel=50 talentTree=True save=True
[QuestSystem] Startup | questDb=True exp=True inventory=True pearlDb=False wallet=True available=2 active=2 autoSave=True saveState=True
[UI_QuestTracker] Startup | questSystem=True container=False itemPrefab=False fallback=True
[UI_StrongholdWavePanel] Startup | sequence=True canvasGroup=False title=False wave=False remaining=False state=False fallback=True
[Save] 游戏已保存: C:/Users/Administrator/AppData/LocalLow/DefaultCompany/Shrimp\savegame.dat
[Save] 游戏已保存: C:/Users/Administrator/AppData/LocalLow/DefaultCompany/Shrimp\savegame.dat
[Save] 游戏已保存: C:/Users/Administrator/AppData/LocalLow/DefaultCompany/Shrimp\savegame.dat
]]></output>
            </test-case>
            <test-case id="1033" name="LevelRuntimeConfigurator_RuntimeBossGateWiring_BindsSingleDefeatHandler" fullname="ThirdPersonController.Tests.BossLevel10GateRegressionTests.LevelRuntimeConfigurator_RuntimeBossGateWiring_BindsSingleDefeatHandler" methodname="LevelRuntimeConfigurator_RuntimeBossGateWiring_BindsSingleDefeatHandler" classname="ThirdPersonController.Tests.BossLevel10GateRegressionTests" runstate="Runnable" seed="1428575906" result="Passed" start-time="2026-03-24 07:58:21Z" end-time="2026-03-24 07:58:21Z" duration="0.006876" asserts="0">
              <properties />
            </test-case>
          </test-suite>
          <test-suite type="TestFixture" id="1038" name="BossP0CompositeGateTests" fullname="ThirdPersonController.Tests.BossP0CompositeGateTests" classname="ThirdPersonController.Tests.BossP0CompositeGateTests" runstate="Runnable" testcasecount="1" result="Passed" start-time="2026-03-24 07:58:21Z" end-time="2026-03-24 07:58:21Z" duration="0.005031" total="1" passed="1" failed="0" inconclusive="0" skipped="0" asserts="0">
            <properties />
            <output><![CDATA[[QuestSystem] Startup | questDb=False exp=False inventory=False pearlDb=False wallet=True available=0 active=0 autoSave=True saveState=True
[UI_QuestTracker] Startup | questSystem=True container=False itemPrefab=False fallback=True
[UI_StrongholdWavePanel] Startup | sequence=False canvasGroup=False title=False wave=False remaining=False state=False fallback=True
]]></output>
            <test-case id="1039" name="BossController_P0Composite_PhaseBreakQueueAndTimePressure_StayConsistent" fullname="ThirdPersonController.Tests.BossP0CompositeGateTests.BossController_P0Composite_PhaseBreakQueueAndTimePressure_StayConsistent" methodname="BossController_P0Composite_PhaseBreakQueueAndTimePressure_StayConsistent" classname="ThirdPersonController.Tests.BossP0CompositeGateTests" runstate="Runnable" seed="816827825" result="Passed" start-time="2026-03-24 07:58:21Z" end-time="2026-03-24 07:58:21Z" duration="0.002619" asserts="0">
              <properties />
            </test-case>
          </test-suite>
          <test-suite type="TestFixture" id="1040" name="BossQuestCouplingRegressionTests" fullname="ThirdPersonController.Tests.BossQuestCouplingRegressionTests" classname="ThirdPersonController.Tests.BossQuestCouplingRegressionTests" runstate="Runnable" testcasecount="1" result="Passed" start-time="2026-03-24 07:58:21Z" end-time="2026-03-24 07:58:21Z" duration="0.179159" total="1" passed="1" failed="0" inconclusive="0" skipped="0" asserts="0">
            <properties />
            <test-case id="1041" name="BossGatedLevels_RequiredQuestChain_ContainsBossObjective" fullname="ThirdPersonController.Tests.BossQuestCouplingRegressionTests.BossGatedLevels_RequiredQuestChain_ContainsBossObjective" methodname="BossGatedLevels_RequiredQuestChain_ContainsBossObjective" classname="ThirdPersonController.Tests.BossQuestCouplingRegressionTests" runstate="Runnable" seed="1634106062" result="Passed" start-time="2026-03-24 07:58:21Z" end-time="2026-03-24 07:58:21Z" duration="0.177676" asserts="0">
              <properties>
                <property name="_JOINTYPE" value="UnityCombinatorial" />
                <property name="Timeout" value="300000" />
              </properties>
              <output><![CDATA[[Singleton] Multiple instances of ThirdPersonController.UIManager found. Destroying duplicate.
[SkillManager] Startup | player=True stamina=True input=True action=True buffer=True timeline=True skills=6/6 autoLoad=True
[SkillManager] Resource gap | slot=0 skill=Whirlwind iconMissing=True audioMissing=True fxMissing=True
[SkillManager] Resource gap | slot=1 skill=Shockwave iconMissing=True audioMissing=True fxMissing=True
[SkillManager] Resource gap | slot=2 skill=Dash Attack iconMissing=True audioMissing=True fxMissing=True
[SkillManager] Resource gap | slot=3 skill=Berserk iconMissing=True audioMissing=True fxMissing=True
[SkillManager] Resource gap | slot=4 skill=Pull iconMissing=True audioMissing=True fxMissing=True
[SkillManager] Resource gap | slot=5 skill=Ultimate Judgment iconMissing=True audioMissing=True fxMissing=True
[SkillManager] Resource audit summary | anyGap=6 iconGap=6 audioGap=6 fxGap=6
[Spawner] G=spawn wave, F8=spawn 50, Delete=clear enemies.
[PlayerExperienceSystem] Startup | level=1 exp=0/120 maxLevel=50 talentTree=True save=True
[Save] 游戏已保存: C:/Users/Administrator/AppData/LocalLow/DefaultCompany/Shrimp\savegame.dat
[Save] 游戏已保存: C:/Users/Administrator/AppData/LocalLow/DefaultCompany/Shrimp\savegame.dat
[Save] 游戏已保存: C:/Users/Administrator/AppData/LocalLow/DefaultCompany/Shrimp\savegame.dat
[Singleton] Multiple instances of ThirdPersonController.UIManager found. Destroying duplicate.
[SkillManager] Startup | player=True stamina=True input=True action=True buffer=True timeline=True skills=6/6 autoLoad=True
[SkillManager] Resource gap | slot=0 skill=Whirlwind iconMissing=True audioMissing=True fxMissing=True
[SkillManager] Resource gap | slot=1 skill=Shockwave iconMissing=True audioMissing=True fxMissing=True
[SkillManager] Resource gap | slot=2 skill=Dash Attack iconMissing=True audioMissing=True fxMissing=True
[SkillManager] Resource gap | slot=3 skill=Berserk iconMissing=True audioMissing=True fxMissing=True
[SkillManager] Resource gap | slot=4 skill=Pull iconMissing=True audioMissing=True fxMissing=True
[SkillManager] Resource gap | slot=5 skill=Ultimate Judgment iconMissing=True audioMissing=True fxMissing=True
[SkillManager] Resource audit summary | anyGap=6 iconGap=6 audioGap=6 fxGap=6
[Spawner] G=spawn wave, F8=spawn 50, Delete=clear enemies.
[PlayerExperienceSystem] Startup | level=1 exp=0/120 maxLevel=50 talentTree=True save=True
[Save] 游戏已保存: C:/Users/Administrator/AppData/LocalLow/DefaultCompany/Shrimp\savegame.dat
[Save] 游戏已保存: C:/Users/Administrator/AppData/LocalLow/DefaultCompany/Shrimp\savegame.dat
[Save] 游戏已保存: C:/Users/Administrator/AppData/LocalLow/DefaultCompany/Shrimp\savegame.dat
[Singleton] Multiple instances of ThirdPersonController.UIManager found. Destroying duplicate.
[SkillManager] Startup | player=True stamina=True input=True action=True buffer=True timeline=True skills=6/6 autoLoad=True
[SkillManager] Resource gap | slot=0 skill=Whirlwind iconMissing=True audioMissing=True fxMissing=True
[SkillManager] Resource gap | slot=1 skill=Shockwave iconMissing=True audioMissing=True fxMissing=True
[SkillManager] Resource gap | slot=2 skill=Dash Attack iconMissing=True audioMissing=True fxMissing=True
[SkillManager] Resource gap | slot=3 skill=Berserk iconMissing=True audioMissing=True fxMissing=True
[SkillManager] Resource gap | slot=4 skill=Pull iconMissing=True audioMissing=True fxMissing=True
[SkillManager] Resource gap | slot=5 skill=Ultimate Judgment iconMissing=True audioMissing=True fxMissing=True
[SkillManager] Resource audit summary | anyGap=6 iconGap=6 audioGap=6 fxGap=6
[Spawner] G=spawn wave, F8=spawn 50, Delete=clear enemies.
[PlayerExperienceSystem] Startup | level=1 exp=0/120 maxLevel=50 talentTree=True save=True
[Save] 游戏已保存: C:/Users/Administrator/AppData/LocalLow/DefaultCompany/Shrimp\savegame.dat
[Save] 游戏已保存: C:/Users/Administrator/AppData/LocalLow/DefaultCompany/Shrimp\savegame.dat
[Save] 游戏已保存: C:/Users/Administrator/AppData/LocalLow/DefaultCompany/Shrimp\savegame.dat
]]></output>
            </test-case>
          </test-suite>
          <test-suite type="TestFixture" id="1042" name="BossResultFlowClosureRegressionTests" fullname="ThirdPersonController.Tests.BossResultFlowClosureRegressionTests" classname="ThirdPersonController.Tests.BossResultFlowClosureRegressionTests" runstate="Runnable" testcasecount="17" result="Passed" start-time="2026-03-24 07:58:21Z" end-time="2026-03-24 07:58:21Z" duration="0.094627" total="17" passed="17" failed="0" inconclusive="0" skipped="0" asserts="0">
            <properties />
            <test-case id="1050" name="LevelFlowUI_ContinueFromResult_DefeatDoesNotMarkLevelComplete" fullname="ThirdPersonController.Tests.BossResultFlowClosureRegressionTests.LevelFlowUI_ContinueFromResult_DefeatDoesNotMarkLevelComplete" methodname="LevelFlowUI_ContinueFromResult_DefeatDoesNotMarkLevelComplete" classname="ThirdPersonController.Tests.BossResultFlowClosureRegressionTests" runstate="Runnable" seed="736107205" result="Passed" start-time="2026-03-24 07:58:21Z" end-time="2026-03-24 07:58:21Z" duration="0.004845" asserts="0">
              <properties />
            </test-case>
            <test-case id="1049" name="LevelFlowUI_ContinueFromResult_IgnoresLateTerminalEventsAfterActionConsumed" fullname="ThirdPersonController.Tests.BossResultFlowClosureRegressionTests.LevelFlowUI_ContinueFromResult_IgnoresLateTerminalEventsAfterActionConsumed" methodname="LevelFlowUI_ContinueFromResult_IgnoresLateTerminalEventsAfterActionConsumed" classname="ThirdPersonController.Tests.BossResultFlowClosureRegressionTests" runstate="Runnable" seed="508498629" result="Passed" start-time="2026-03-24 07:58:21Z" end-time="2026-03-24 07:58:21Z" duration="0.003437" asserts="0">
              <properties />
              <output><![CDATA[[Steam] Achievement unlocked: into_trench
]]></output>
            </test-case>
            <test-case id="1058" name="LevelFlowUI_ContinueFromResult_PauseEnabled_RestoresTimeAndCursor_WhenSceneLoadSuppressed" fullname="ThirdPersonController.Tests.BossResultFlowClosureRegressionTests.LevelFlowUI_ContinueFromResult_PauseEnabled_RestoresTimeAndCursor_WhenSceneLoadSuppressed" methodname="LevelFlowUI_ContinueFromResult_PauseEnabled_RestoresTimeAndCursor_WhenSceneLoadSuppressed" classname="ThirdPersonController.Tests.BossResultFlowClosureRegressionTests" runstate="Runnable" seed="1889226029" result="Passed" start-time="2026-03-24 07:58:21Z" end-time="2026-03-24 07:58:21Z" duration="0.002745" asserts="0">
              <properties />
            </test-case>
            <test-case id="1048" name="LevelFlowUI_ContinueFromResult_VictoryMarksLevelCompleteOnlyOnce" fullname="ThirdPersonController.Tests.BossResultFlowClosureRegressionTests.LevelFlowUI_ContinueFromResult_VictoryMarksLevelCompleteOnlyOnce" methodname="LevelFlowUI_ContinueFromResult_VictoryMarksLevelCompleteOnlyOnce" classname="ThirdPersonController.Tests.BossResultFlowClosureRegressionTests" runstate="Runnable" seed="1302680665" result="Passed" start-time="2026-03-24 07:58:21Z" end-time="2026-03-24 07:58:21Z" duration="0.002695" asserts="0">
              <properties />
            </test-case>
            <test-case id="1053" name="LevelFlowUI_ContinueFromResult_WritesSaveToIsolatedPath" fullname="ThirdPersonController.Tests.BossResultFlowClosureRegressionTests.LevelFlowUI_ContinueFromResult_WritesSaveToIsolatedPath" methodname="LevelFlowUI_ContinueFromResult_WritesSaveToIsolatedPath" classname="ThirdPersonController.Tests.BossResultFlowClosureRegressionTests" runstate="Runnable" seed="1025883597" result="Passed" start-time="2026-03-24 07:58:21Z" end-time="2026-03-24 07:58:21Z" duration="0.030136" asserts="0">
              <properties />
              <output><![CDATA[[Save] 游戏已保存: C:\Users\ADMINI~1\AppData\Local\Temp\shrimp-boss-result-1c181f970ba342d4b85e3ce73bed39cf\savegame.dat
]]></output>
            </test-case>
            <test-case id="1056" name="LevelFlowUI_ResultActions_ReopenPanel_ResetsOneShotGate" fullname="ThirdPersonController.Tests.BossResultFlowClosureRegressionTests.LevelFlowUI_ResultActions_ReopenPanel_ResetsOneShotGate" methodname="LevelFlowUI_ResultActions_ReopenPanel_ResetsOneShotGate" classname="ThirdPersonController.Tests.BossResultFlowClosureRegressionTests" runstate="Runnable" seed="1277743816" result="Passed" start-time="2026-03-24 07:58:21Z" end-time="2026-03-24 07:58:21Z" duration="0.003346" asserts="0">
              <properties />
            </test-case>
            <test-case id="1055" name="LevelFlowUI_ResultActions_WhenPanelClosed_AreIgnored" fullname="ThirdPersonController.Tests.BossResultFlowClosureRegressionTests.LevelFlowUI_ResultActions_WhenPanelClosed_AreIgnored" methodname="LevelFlowUI_ResultActions_WhenPanelClosed_AreIgnored" classname="ThirdPersonController.Tests.BossResultFlowClosureRegressionTests" runstate="Runnable" seed="1822700898" result="Passed" start-time="2026-03-24 07:58:21Z" end-time="2026-03-24 07:58:21Z" duration="0.002486" asserts="0">
              <properties />
            </test-case>
            <test-case id="1044" name="LevelFlowUI_ResultHint_FallsBackToFriendlyKeysWithoutInputHandler" fullname="ThirdPersonController.Tests.BossResultFlowClosureRegressionTests.LevelFlowUI_ResultHint_FallsBackToFriendlyKeysWithoutInputHandler" methodname="LevelFlowUI_ResultHint_FallsBackToFriendlyKeysWithoutInputHandler" classname="ThirdPersonController.Tests.BossResultFlowClosureRegressionTests" runstate="Runnable" seed="1597882238" result="Passed" start-time="2026-03-24 07:58:21Z" end-time="2026-03-24 07:58:21Z" duration="0.001117" asserts="0">
              <properties />
            </test-case>
            <test-case id="1043" name="LevelFlowUI_ResultHint_UsesUnifiedActionLabels" fullname="ThirdPersonController.Tests.BossResultFlowClosureRegressionTests.LevelFlowUI_ResultHint_UsesUnifiedActionLabels" methodname="LevelFlowUI_ResultHint_UsesUnifiedActionLabels" classname="ThirdPersonController.Tests.BossResultFlowClosureRegressionTests" runstate="Runnable" seed="262211048" result="Passed" start-time="2026-03-24 07:58:21Z" end-time="2026-03-24 07:58:21Z" duration="0.003462" asserts="0">
              <properties />
            </test-case>
            <test-case id="1047" name="LevelFlowUI_ResultState_EventStorm_DoesNotOverrideOutcomeOrRecacheSnapshot" fullname="ThirdPersonController.Tests.BossResultFlowClosureRegressionTests.LevelFlowUI_ResultState_EventStorm_DoesNotOverrideOutcomeOrRecacheSnapshot" methodname="LevelFlowUI_ResultState_EventStorm_DoesNotOverrideOutcomeOrRecacheSnapshot" classname="ThirdPersonController.Tests.BossResultFlowClosureRegressionTests" runstate="Runnable" seed="315802410" result="Passed" start-time="2026-03-24 07:58:21Z" end-time="2026-03-24 07:58:21Z" duration="0.022471" asserts="0">
              <properties />
              <output><![CDATA[[Save] 游戏已保存: C:/Users/Administrator/AppData/LocalLow/DefaultCompany/Shrimp\savegame.dat
]]></output>
            </test-case>
            <test-case id="1045" name="LevelFlowUI_ResultState_GameOverThenPlayerDeath_KeepsInitialVictoryState" fullname="ThirdPersonController.Tests.BossResultFlowClosureRegressionTests.LevelFlowUI_ResultState_GameOverThenPlayerDeath_KeepsInitialVictoryState" methodname="LevelFlowUI_ResultState_GameOverThenPlayerDeath_KeepsInitialVictoryState" classname="ThirdPersonController.Tests.BossResultFlowClosureRegressionTests" runstate="Runnable" seed="1824325536" result="Passed" start-time="2026-03-24 07:58:21Z" end-time="2026-03-24 07:58:21Z" duration="0.001567" asserts="0">
              <properties />
            </test-case>
            <test-case id="1046" name="LevelFlowUI_ResultState_PlayerDeathThenGameOver_KeepsInitialDefeatState" fullname="ThirdPersonController.Tests.BossResultFlowClosureRegressionTests.LevelFlowUI_ResultState_PlayerDeathThenGameOver_KeepsInitialDefeatState" methodname="LevelFlowUI_ResultState_PlayerDeathThenGameOver_KeepsInitialDefeatState" classname="ThirdPersonController.Tests.BossResultFlowClosureRegressionTests" runstate="Runnable" seed="538296120" result="Passed" start-time="2026-03-24 07:58:21Z" end-time="2026-03-24 07:58:21Z" duration="0.000927" asserts="0">
              <properties />
            </test-case>
            <test-case id="1054" name="LevelFlowUI_RetryFromResult_DoesNotWriteSaveToIsolatedPath" fullname="ThirdPersonController.Tests.BossResultFlowClosureRegressionTests.LevelFlowUI_RetryFromResult_DoesNotWriteSaveToIsolatedPath" methodname="LevelFlowUI_RetryFromResult_DoesNotWriteSaveToIsolatedPath" classname="ThirdPersonController.Tests.BossResultFlowClosureRegressionTests" runstate="Runnable" seed="1045293684" result="Passed" start-time="2026-03-24 07:58:21Z" end-time="2026-03-24 07:58:21Z" duration="0.003561" asserts="0">
              <properties />
            </test-case>
            <test-case id="1051" name="LevelFlowUI_RetryFromResult_IgnoresLateTerminalEventsAfterActionConsumed" fullname="ThirdPersonController.Tests.BossResultFlowClosureRegressionTests.LevelFlowUI_RetryFromResult_IgnoresLateTerminalEventsAfterActionConsumed" methodname="LevelFlowUI_RetryFromResult_IgnoresLateTerminalEventsAfterActionConsumed" classname="ThirdPersonController.Tests.BossResultFlowClosureRegressionTests" runstate="Runnable" seed="1238238917" result="Passed" start-time="2026-03-24 07:58:21Z" end-time="2026-03-24 07:58:21Z" duration="0.002695" asserts="0">
              <properties />
            </test-case>
            <test-case id="1059" name="LevelFlowUI_RetryFromResult_PauseEnabled_RestoresTimeAndCursor_WhenSceneLoadSuppressed" fullname="ThirdPersonController.Tests.BossResultFlowClosureRegressionTests.LevelFlowUI_RetryFromResult_PauseEnabled_RestoresTimeAndCursor_WhenSceneLoadSuppressed" methodname="LevelFlowUI_RetryFromResult_PauseEnabled_RestoresTimeAndCursor_WhenSceneLoadSuppressed" classname="ThirdPersonController.Tests.BossResultFlowClosureRegressionTests" runstate="Runnable" seed="795135053" result="Passed" start-time="2026-03-24 07:58:21Z" end-time="2026-03-24 07:58:21Z" duration="0.002538" asserts="0">
              <properties />
            </test-case>
            <test-case id="1052" name="LevelFlowUI_RetryFromResult_ReloadsActiveSceneWithoutCompletion" fullname="ThirdPersonController.Tests.BossResultFlowClosureRegressionTests.LevelFlowUI_RetryFromResult_ReloadsActiveSceneWithoutCompletion" methodname="LevelFlowUI_RetryFromResult_ReloadsActiveSceneWithoutCompletion" classname="ThirdPersonController.Tests.BossResultFlowClosureRegressionTests" runstate="Runnable" seed="1395360087" result="Passed" start-time="2026-03-24 07:58:21Z" end-time="2026-03-24 07:58:21Z" duration="0.002722" asserts="0">
              <properties />
            </test-case>
            <test-case id="1057" name="LevelFlowUI_ShowResult_PauseEnabled_FreezesTimeAndUnlocksCursor" fullname="ThirdPersonController.Tests.BossResultFlowClosureRegressionTests.LevelFlowUI_ShowResult_PauseEnabled_FreezesTimeAndUnlocksCursor" methodname="LevelFlowUI_ShowResult_PauseEnabled_FreezesTimeAndUnlocksCursor" classname="ThirdPersonController.Tests.BossResultFlowClosureRegressionTests" runstate="Runnable" seed="1761584105" result="Passed" start-time="2026-03-24 07:58:21Z" end-time="2026-03-24 07:58:21Z" duration="0.000887" asserts="0">
              <properties />
            </test-case>
          </test-suite>
          <test-suite type="TestFixture" id="1060" name="BossSceneLocalBindingRegressionTests" fullname="ThirdPersonController.Tests.BossSceneLocalBindingRegressionTests" classname="ThirdPersonController.Tests.BossSceneLocalBindingRegressionTests" runstate="Runnable" testcasecount="1" result="Passed" start-time="2026-03-24 07:58:21Z" end-time="2026-03-24 07:58:21Z" duration="0.115927" total="1" passed="1" failed="0" inconclusive="0" skipped="0" asserts="0">
            <properties />
            <test-case id="1061" name="RuntimeConfigurator_BindsBossSpawnPoint_FromOwnScene_WhenMultipleBossScenesLoaded" fullname="ThirdPersonController.Tests.BossSceneLocalBindingRegressionTests.RuntimeConfigurator_BindsBossSpawnPoint_FromOwnScene_WhenMultipleBossScenesLoaded" methodname="RuntimeConfigurator_BindsBossSpawnPoint_FromOwnScene_WhenMultipleBossScenesLoaded" classname="ThirdPersonController.Tests.BossSceneLocalBindingRegressionTests" runstate="Runnable" seed="1887838500" result="Passed" start-time="2026-03-24 07:58:21Z" end-time="2026-03-24 07:58:21Z" duration="0.113167" asserts="0">
              <properties>
                <property name="_JOINTYPE" value="UnityCombinatorial" />
                <property name="Timeout" value="300000" />
              </properties>
              <output><![CDATA[[Singleton] Multiple instances of ThirdPersonController.UIManager found. Destroying duplicate.
[SkillManager] Startup | player=True stamina=True input=True action=True buffer=True timeline=True skills=6/6 autoLoad=True
[SkillManager] Resource gap | slot=0 skill=Whirlwind iconMissing=True audioMissing=True fxMissing=True
[SkillManager] Resource gap | slot=1 skill=Shockwave iconMissing=True audioMissing=True fxMissing=True
[SkillManager] Resource gap | slot=2 skill=Dash Attack iconMissing=True audioMissing=True fxMissing=True
[SkillManager] Resource gap | slot=3 skill=Berserk iconMissing=True audioMissing=True fxMissing=True
[SkillManager] Resource gap | slot=4 skill=Pull iconMissing=True audioMissing=True fxMissing=True
[SkillManager] Resource gap | slot=5 skill=Ultimate Judgment iconMissing=True audioMissing=True fxMissing=True
[SkillManager] Resource audit summary | anyGap=6 iconGap=6 audioGap=6 fxGap=6
[Spawner] G=spawn wave, F8=spawn 50, Delete=clear enemies.
[PlayerExperienceSystem] Startup | level=1 exp=0/120 maxLevel=50 talentTree=True save=True
[Save] 游戏已保存: C:/Users/Administrator/AppData/LocalLow/DefaultCompany/Shrimp\savegame.dat
[Save] 游戏已保存: C:/Users/Administrator/AppData/LocalLow/DefaultCompany/Shrimp\savegame.dat
[Save] 游戏已保存: C:/Users/Administrator/AppData/LocalLow/DefaultCompany/Shrimp\savegame.dat
Duplicating NavMeshSurface does not duplicate the referenced navmesh data
There can be only one active Event System.
[Singleton] Multiple instances of ThirdPersonController.UIManager found. Destroying duplicate.
[Spawner] G=spawn wave, F8=spawn 50, Delete=clear enemies.
There are 2 event systems in the scene. Please ensure there is always exactly one event system in the scene
There are 2 audio listeners in the scene. Please ensure there is always exactly one audio listener in the scene.
There are 2 event systems in the scene. Please ensure there is always exactly one event system in the scene
There are 2 audio listeners in the scene. Please ensure there is always exactly one audio listener in the scene.
There are 2 event systems in the scene. Please ensure there is always exactly one event system in the scene
There are 2 audio listeners in the scene. Please ensure there is always exactly one audio listener in the scene.
There are 2 event systems in the scene. Please ensure there is always exactly one event system in the scene
There are 2 audio listeners in the scene. Please ensure there is always exactly one audio listener in the scene.
There are 2 event systems in the scene. Please ensure there is always exactly one event system in the scene
There are 2 audio listeners in the scene. Please ensure there is always exactly one audio listener in the scene.
]]></output>
            </test-case>
          </test-suite>
          <test-suite type="TestFixture" id="1062" name="BossSpawnPointRound2Tests" fullname="ThirdPersonController.Tests.BossSpawnPointRound2Tests" classname="ThirdPersonController.Tests.BossSpawnPointRound2Tests" runstate="Runnable" testcasecount="4" result="Passed" start-time="2026-03-24 07:58:21Z" end-time="2026-03-24 07:58:21Z" duration="0.013871" total="4" passed="4" failed="0" inconclusive="0" skipped="0" asserts="0">
            <properties />
            <test-case id="1065" name="SpawnBoss_ControllerPath_OverrideEncounterTuning_PropagatesDepthFields" fullname="ThirdPersonController.Tests.BossSpawnPointRound2Tests.SpawnBoss_ControllerPath_OverrideEncounterTuning_PropagatesDepthFields" methodname="SpawnBoss_ControllerPath_OverrideEncounterTuning_PropagatesDepthFields" classname="ThirdPersonController.Tests.BossSpawnPointRound2Tests" runstate="Runnable" seed="2120021721" result="Passed" start-time="2026-03-24 07:58:21Z" end-time="2026-03-24 07:58:21Z" duration="0.003486" asserts="0">
              <properties />
              <output><![CDATA[Failed to create agent because there is no valid NavMesh
Failed to create agent because there is no valid NavMesh
]]></output>
            </test-case>
            <test-case id="1063" name="SpawnBoss_WithBossControllerPrefab_UsesControllerPath" fullname="ThirdPersonController.Tests.BossSpawnPointRound2Tests.SpawnBoss_WithBossControllerPrefab_UsesControllerPath" methodname="SpawnBoss_WithBossControllerPrefab_UsesControllerPath" classname="ThirdPersonController.Tests.BossSpawnPointRound2Tests" runstate="Runnable" seed="1273023284" result="Passed" start-time="2026-03-24 07:58:21Z" end-time="2026-03-24 07:58:21Z" duration="0.002973" asserts="0">
              <properties />
              <output><![CDATA[Failed to create agent because there is no valid NavMesh
Failed to create agent because there is no valid NavMesh
]]></output>
            </test-case>
            <test-case id="1066" name="SpawnBoss_WithEncounterProfile_OverridesSpawnStatsAndControllerTuning" fullname="ThirdPersonController.Tests.BossSpawnPointRound2Tests.SpawnBoss_WithEncounterProfile_OverridesSpawnStatsAndControllerTuning" methodname="SpawnBoss_WithEncounterProfile_OverridesSpawnStatsAndControllerTuning" classname="ThirdPersonController.Tests.BossSpawnPointRound2Tests" runstate="Runnable" seed="223516816" result="Passed" start-time="2026-03-24 07:58:21Z" end-time="2026-03-24 07:58:21Z" duration="0.002983" asserts="0">
              <properties />
              <output><![CDATA[Failed to create agent because there is no valid NavMesh
Failed to create agent because there is no valid NavMesh
]]></output>
            </test-case>
            <test-case id="1064" name="SpawnBoss_WithoutBossController_FallsBackToPrototypeTemplatePath" fullname="ThirdPersonController.Tests.BossSpawnPointRound2Tests.SpawnBoss_WithoutBossController_FallsBackToPrototypeTemplatePath" methodname="SpawnBoss_WithoutBossController_FallsBackToPrototypeTemplatePath" classname="ThirdPersonController.Tests.BossSpawnPointRound2Tests" runstate="Runnable" seed="102783077" result="Passed" start-time="2026-03-24 07:58:21Z" end-time="2026-03-24 07:58:21Z" duration="0.002464" asserts="0">
              <properties />
              <output><![CDATA[Failed to create agent because there is no valid NavMesh
Failed to create agent because there is no valid NavMesh
]]></output>
            </test-case>
          </test-suite>
          <test-suite type="TestFixture" id="1067" name="CombatRound1RegressionTests" fullname="ThirdPersonController.Tests.CombatRound1RegressionTests" classname="ThirdPersonController.Tests.CombatRound1RegressionTests" runstate="Runnable" testcasecount="19" result="Passed" start-time="2026-03-24 07:58:21Z" end-time="2026-03-24 07:58:21Z" duration="0.259487" total="19" passed="19" failed="0" inconclusive="0" skipped="0" asserts="0">
            <properties />
            <test-case id="1071" name="ActionController_SkillInterruptedByDodge_EmitsInterruptEvent" fullname="ThirdPersonController.Tests.CombatRound1RegressionTests.ActionController_SkillInterruptedByDodge_EmitsInterruptEvent" methodname="ActionController_SkillInterruptedByDodge_EmitsInterruptEvent" classname="ThirdPersonController.Tests.CombatRound1RegressionTests" runstate="Runnable" seed="598602274" result="Passed" start-time="2026-03-24 07:58:21Z" end-time="2026-03-24 07:58:21Z" duration="0.001281" asserts="0">
              <properties />
            </test-case>
            <test-case id="1083" name="BerserkSkill_OnEnable_AssignsBurstCategoryAndDefenseDuration" fullname="ThirdPersonController.Tests.CombatRound1RegressionTests.BerserkSkill_OnEnable_AssignsBurstCategoryAndDefenseDuration" methodname="BerserkSkill_OnEnable_AssignsBurstCategoryAndDefenseDuration" classname="ThirdPersonController.Tests.CombatRound1RegressionTests" runstate="Runnable" seed="238842092" result="Passed" start-time="2026-03-24 07:58:21Z" end-time="2026-03-24 07:58:21Z" duration="0.000350" asserts="0">
              <properties />
            </test-case>
            <test-case id="1072" name="DashAttackSkill_HitGate_PreventsRepeatHitOnSameTargetRoot" fullname="ThirdPersonController.Tests.CombatRound1RegressionTests.DashAttackSkill_HitGate_PreventsRepeatHitOnSameTargetRoot" methodname="DashAttackSkill_HitGate_PreventsRepeatHitOnSameTargetRoot" classname="ThirdPersonController.Tests.CombatRound1RegressionTests" runstate="Runnable" seed="211880519" result="Passed" start-time="2026-03-24 07:58:21Z" end-time="2026-03-24 07:58:21Z" duration="0.001915" asserts="0">
              <properties />
            </test-case>
            <test-case id="1080" name="DashAttackSkill_OnInterrupted_ClearsHitGateState" fullname="ThirdPersonController.Tests.CombatRound1RegressionTests.DashAttackSkill_OnInterrupted_ClearsHitGateState" methodname="DashAttackSkill_OnInterrupted_ClearsHitGateState" classname="ThirdPersonController.Tests.CombatRound1RegressionTests" runstate="Runnable" seed="636664962" result="Passed" start-time="2026-03-24 07:58:21Z" end-time="2026-03-24 07:58:21Z" duration="0.000707" asserts="0">
              <properties />
            </test-case>
            <test-case id="1068" name="PlayerCombat_RegisterHit_IncrementsAndCapsCombo" fullname="ThirdPersonController.Tests.CombatRound1RegressionTests.PlayerCombat_RegisterHit_IncrementsAndCapsCombo" methodname="PlayerCombat_RegisterHit_IncrementsAndCapsCombo" classname="ThirdPersonController.Tests.CombatRound1RegressionTests" runstate="Runnable" seed="194433441" result="Passed" start-time="2026-03-24 07:58:21Z" end-time="2026-03-24 07:58:21Z" duration="0.002168" asserts="0">
              <properties />
              <output><![CDATA[Berserk mode started for 3.0s.
]]></output>
            </test-case>
            <test-case id="1073" name="PlayerCombat_SkillDamageBuffMultiplier_IsIncludedInMainDamageMultiplier" fullname="ThirdPersonController.Tests.CombatRound1RegressionTests.PlayerCombat_SkillDamageBuffMultiplier_IsIncludedInMainDamageMultiplier" methodname="PlayerCombat_SkillDamageBuffMultiplier_IsIncludedInMainDamageMultiplier" classname="ThirdPersonController.Tests.CombatRound1RegressionTests" runstate="Runnable" seed="526841593" result="Passed" start-time="2026-03-24 07:58:21Z" end-time="2026-03-24 07:58:21Z" duration="0.000712" asserts="0">
              <properties />
            </test-case>
            <test-case id="1085" name="PullSkill_OnEnable_AssignsGatherCategory" fullname="ThirdPersonController.Tests.CombatRound1RegressionTests.PullSkill_OnEnable_AssignsGatherCategory" methodname="PullSkill_OnEnable_AssignsGatherCategory" classname="ThirdPersonController.Tests.CombatRound1RegressionTests" runstate="Runnable" seed="768843188" result="Passed" start-time="2026-03-24 07:58:21Z" end-time="2026-03-24 07:58:21Z" duration="0.000270" asserts="0">
              <properties />
            </test-case>
            <test-case id="1084" name="ShockwaveSkill_OnEnable_AssignsCrowdControlCategory" fullname="ThirdPersonController.Tests.CombatRound1RegressionTests.ShockwaveSkill_OnEnable_AssignsCrowdControlCategory" methodname="ShockwaveSkill_OnEnable_AssignsCrowdControlCategory" classname="ThirdPersonController.Tests.CombatRound1RegressionTests" runstate="Runnable" seed="2001583611" result="Passed" start-time="2026-03-24 07:58:21Z" end-time="2026-03-24 07:58:21Z" duration="0.000226" asserts="0">
              <properties />
            </test-case>
            <test-case id="1079" name="SkillBase_ResolveClipForPlayback_UsesFallbackWhenAudioMissing" fullname="ThirdPersonController.Tests.CombatRound1RegressionTests.SkillBase_ResolveClipForPlayback_UsesFallbackWhenAudioMissing" methodname="SkillBase_ResolveClipForPlayback_UsesFallbackWhenAudioMissing" classname="ThirdPersonController.Tests.CombatRound1RegressionTests" runstate="Runnable" seed="120625058" result="Passed" start-time="2026-03-24 07:58:21Z" end-time="2026-03-24 07:58:21Z" duration="0.002396" asserts="0">
              <properties />
            </test-case>
            <test-case id="1078" name="SkillManager_GetSkillIcon_WhenMissing_ReturnsRuntimeFallback" fullname="ThirdPersonController.Tests.CombatRound1RegressionTests.SkillManager_GetSkillIcon_WhenMissing_ReturnsRuntimeFallback" methodname="SkillManager_GetSkillIcon_WhenMissing_ReturnsRuntimeFallback" classname="ThirdPersonController.Tests.CombatRound1RegressionTests" runstate="Runnable" seed="474897556" result="Passed" start-time="2026-03-24 07:58:21Z" end-time="2026-03-24 07:58:21Z" duration="0.004762" asserts="0">
              <properties />
              <output><![CDATA[[SkillManager] Startup | player=True stamina=False input=False action=False buffer=False timeline=False skills=6/6 autoLoad=True
[SkillManager] Resource gap | slot=0 skill=Whirlwind iconMissing=True audioMissing=True fxMissing=True
[SkillManager] Resource gap | slot=1 skill=Shockwave iconMissing=True audioMissing=True fxMissing=True
[SkillManager] Resource gap | slot=2 skill=Dash Attack iconMissing=True audioMissing=True fxMissing=True
[SkillManager] Resource gap | slot=3 skill=Berserk iconMissing=True audioMissing=True fxMissing=True
[SkillManager] Resource gap | slot=4 skill=Pull iconMissing=True audioMissing=True fxMissing=True
[SkillManager] Resource gap | slot=5 skill=Ultimate Judgment iconMissing=True audioMissing=True fxMissing=True
[SkillManager] Resource audit summary | anyGap=6 iconGap=6 audioGap=6 fxGap=6
]]></output>
            </test-case>
            <test-case id="1075" name="SkillManager_HandleInput_UsesPlayerInputHandlerSkillState" fullname="ThirdPersonController.Tests.CombatRound1RegressionTests.SkillManager_HandleInput_UsesPlayerInputHandlerSkillState" methodname="SkillManager_HandleInput_UsesPlayerInputHandlerSkillState" classname="ThirdPersonController.Tests.CombatRound1RegressionTests" runstate="Runnable" seed="244606226" result="Passed" start-time="2026-03-24 07:58:21Z" end-time="2026-03-24 07:58:21Z" duration="0.007029" asserts="0">
              <properties />
              <output><![CDATA[[SkillManager] Startup | player=True stamina=True input=True action=True buffer=False timeline=False skills=6/6 autoLoad=True
[SkillManager] Resource gap | slot=0 skill=Whirlwind iconMissing=True audioMissing=True fxMissing=True
[SkillManager] Resource gap | slot=1 skill=Shockwave iconMissing=True audioMissing=True fxMissing=True
[SkillManager] Resource gap | slot=2 skill=Dash Attack iconMissing=True audioMissing=True fxMissing=True
[SkillManager] Resource gap | slot=3 skill=Berserk iconMissing=True audioMissing=True fxMissing=True
[SkillManager] Resource gap | slot=4 skill=Pull iconMissing=True audioMissing=True fxMissing=True
[SkillManager] Resource gap | slot=5 skill=Ultimate Judgment iconMissing=True audioMissing=True fxMissing=True
[SkillManager] Resource audit summary | anyGap=6 iconGap=6 audioGap=6 fxGap=6
[SkillManager] Cast skill: Round2_InputBridgeSkill
]]></output>
            </test-case>
            <test-case id="1076" name="SkillManager_ResourceAudit_CountsMissingSkillAssets" fullname="ThirdPersonController.Tests.CombatRound1RegressionTests.SkillManager_ResourceAudit_CountsMissingSkillAssets" methodname="SkillManager_ResourceAudit_CountsMissingSkillAssets" classname="ThirdPersonController.Tests.CombatRound1RegressionTests" runstate="Runnable" seed="94570921" result="Passed" start-time="2026-03-24 07:58:21Z" end-time="2026-03-24 07:58:21Z" duration="0.005199" asserts="0">
              <properties />
              <output><![CDATA[[SkillManager] Startup | player=True stamina=False input=False action=False buffer=False timeline=False skills=6/6 autoLoad=True
[SkillManager] Resource gap | slot=0 skill=Whirlwind iconMissing=True audioMissing=True fxMissing=True
[SkillManager] Resource gap | slot=1 skill=Shockwave iconMissing=True audioMissing=True fxMissing=True
[SkillManager] Resource gap | slot=2 skill=Dash Attack iconMissing=True audioMissing=True fxMissing=True
[SkillManager] Resource gap | slot=3 skill=Berserk iconMissing=True audioMissing=True fxMissing=True
[SkillManager] Resource gap | slot=4 skill=Pull iconMissing=True audioMissing=True fxMissing=True
[SkillManager] Resource gap | slot=5 skill=Ultimate Judgment iconMissing=True audioMissing=True fxMissing=True
[SkillManager] Resource audit summary | anyGap=6 iconGap=6 audioGap=6 fxGap=6
]]></output>
            </test-case>
            <test-case id="1074" name="SkillManager_SanitizeLoadedSkillTexts_ReplacesCorruptedNameAndDescription" fullname="ThirdPersonController.Tests.CombatRound1RegressionTests.SkillManager_SanitizeLoadedSkillTexts_ReplacesCorruptedNameAndDescription" methodname="SkillManager_SanitizeLoadedSkillTexts_ReplacesCorruptedNameAndDescription" classname="ThirdPersonController.Tests.CombatRound1RegressionTests" runstate="Runnable" seed="1919105120" result="Passed" start-time="2026-03-24 07:58:21Z" end-time="2026-03-24 07:58:21Z" duration="0.004368" asserts="0">
              <properties />
              <output><![CDATA[[SkillManager] Startup | player=True stamina=False input=False action=False buffer=False timeline=False skills=6/6 autoLoad=True
[SkillManager] Resource gap | slot=0 skill=Whirlwind iconMissing=True audioMissing=True fxMissing=True
[SkillManager] Resource gap | slot=1 skill=Shockwave iconMissing=True audioMissing=True fxMissing=True
[SkillManager] Resource gap | slot=2 skill=Dash Attack iconMissing=True audioMissing=True fxMissing=True
[SkillManager] Resource gap | slot=3 skill=Berserk iconMissing=True audioMissing=True fxMissing=True
[SkillManager] Resource gap | slot=4 skill=Pull iconMissing=True audioMissing=True fxMissing=True
[SkillManager] Resource gap | slot=5 skill=Ultimate Judgment iconMissing=True audioMissing=True fxMissing=True
[SkillManager] Resource audit summary | anyGap=6 iconGap=6 audioGap=6 fxGap=6
]]></output>
            </test-case>
            <test-case id="1070" name="SkillManager_TryUseSkill_SuccessConsumesStaminaAndStartsCooldown" fullname="ThirdPersonController.Tests.CombatRound1RegressionTests.SkillManager_TryUseSkill_SuccessConsumesStaminaAndStartsCooldown" methodname="SkillManager_TryUseSkill_SuccessConsumesStaminaAndStartsCooldown" classname="ThirdPersonController.Tests.CombatRound1RegressionTests" runstate="Runnable" seed="534118646" result="Passed" start-time="2026-03-24 07:58:21Z" end-time="2026-03-24 07:58:21Z" duration="0.009064" asserts="0">
              <properties>
                <property name="_JOINTYPE" value="UnityCombinatorial" />
              </properties>
              <output><![CDATA[[SkillManager] Startup | player=True stamina=True input=False action=True buffer=False timeline=False skills=6/6 autoLoad=True
[SkillManager] Resource gap | slot=0 skill=Whirlwind iconMissing=True audioMissing=True fxMissing=True
[SkillManager] Resource gap | slot=1 skill=Shockwave iconMissing=True audioMissing=True fxMissing=True
[SkillManager] Resource gap | slot=2 skill=Dash Attack iconMissing=True audioMissing=True fxMissing=True
[SkillManager] Resource gap | slot=3 skill=Berserk iconMissing=True audioMissing=True fxMissing=True
[SkillManager] Resource gap | slot=4 skill=Pull iconMissing=True audioMissing=True fxMissing=True
[SkillManager] Resource gap | slot=5 skill=Ultimate Judgment iconMissing=True audioMissing=True fxMissing=True
[SkillManager] Resource audit summary | anyGap=6 iconGap=6 audioGap=6 fxGap=6
[SkillManager] Cast skill: Round1_SuccessSkill
]]></output>
            </test-case>
            <test-case id="1077" name="SkillManager_Update_AdvancesCooldownAndRestoresReadyState" fullname="ThirdPersonController.Tests.CombatRound1RegressionTests.SkillManager_Update_AdvancesCooldownAndRestoresReadyState" methodname="SkillManager_Update_AdvancesCooldownAndRestoresReadyState" classname="ThirdPersonController.Tests.CombatRound1RegressionTests" runstate="Runnable" seed="1077821112" result="Passed" start-time="2026-03-24 07:58:21Z" end-time="2026-03-24 07:58:21Z" duration="0.088102" asserts="0">
              <properties>
                <property name="_JOINTYPE" value="UnityCombinatorial" />
              </properties>
              <output><![CDATA[[SkillManager] Startup | player=True stamina=False input=False action=False buffer=False timeline=False skills=6/6 autoLoad=True
[SkillManager] Resource gap | slot=0 skill=Whirlwind iconMissing=True audioMissing=True fxMissing=True
[SkillManager] Resource gap | slot=1 skill=Shockwave iconMissing=True audioMissing=True fxMissing=True
[SkillManager] Resource gap | slot=2 skill=Dash Attack iconMissing=True audioMissing=True fxMissing=True
[SkillManager] Resource gap | slot=3 skill=Berserk iconMissing=True audioMissing=True fxMissing=True
[SkillManager] Resource gap | slot=4 skill=Pull iconMissing=True audioMissing=True fxMissing=True
[SkillManager] Resource gap | slot=5 skill=Ultimate Judgment iconMissing=True audioMissing=True fxMissing=True
[SkillManager] Resource audit summary | anyGap=6 iconGap=6 audioGap=6 fxGap=6
]]></output>
            </test-case>
            <test-case id="1086" name="SkillTimeline_FallbackInvokesImpactAndRecoveryOnce_WithCoarseFrameWait" fullname="ThirdPersonController.Tests.CombatRound1RegressionTests.SkillTimeline_FallbackInvokesImpactAndRecoveryOnce_WithCoarseFrameWait" methodname="SkillTimeline_FallbackInvokesImpactAndRecoveryOnce_WithCoarseFrameWait" classname="ThirdPersonController.Tests.CombatRound1RegressionTests" runstate="Runnable" seed="1612701157" result="Passed" start-time="2026-03-24 07:58:21Z" end-time="2026-03-24 07:58:21Z" duration="0.123191" asserts="0">
              <properties>
                <property name="_JOINTYPE" value="UnityCombinatorial" />
              </properties>
            </test-case>
[...]
              <properties />
            </test-case>
            <test-case id="1162" name="ShopManager_P0Purchase_WhenInventoryMissing_DoesNotConsumeCredits" fullname="ThirdPersonController.Tests.QuestEconomyP0RegressionTests.ShopManager_P0Purchase_WhenInventoryMissing_DoesNotConsumeCredits" methodname="ShopManager_P0Purchase_WhenInventoryMissing_DoesNotConsumeCredits" classname="ThirdPersonController.Tests.QuestEconomyP0RegressionTests" runstate="Runnable" seed="1853508979" result="Passed" start-time="2026-03-24 07:59:29Z" end-time="2026-03-24 07:59:29Z" duration="0.000900" asserts="0">
              <properties />
            </test-case>
          </test-suite>
          <test-suite type="TestFixture" id="1164" name="SaveManagerAtomicRegressionTests" fullname="ThirdPersonController.Tests.SaveManagerAtomicRegressionTests" classname="ThirdPersonController.Tests.SaveManagerAtomicRegressionTests" runstate="Runnable" testcasecount="2" result="Passed" start-time="2026-03-24 07:59:29Z" end-time="2026-03-24 07:59:29Z" duration="0.084743" total="2" passed="2" failed="0" inconclusive="0" skipped="0" asserts="0">
            <properties />
            <test-case id="1166" name="SaveManager_LoadSettings_FallsBackToBackup_WhenPrimaryCorrupted" fullname="ThirdPersonController.Tests.SaveManagerAtomicRegressionTests.SaveManager_LoadSettings_FallsBackToBackup_WhenPrimaryCorrupted" methodname="SaveManager_LoadSettings_FallsBackToBackup_WhenPrimaryCorrupted" classname="ThirdPersonController.Tests.SaveManagerAtomicRegressionTests" runstate="Runnable" seed="2007557229" result="Passed" start-time="2026-03-24 07:59:29Z" end-time="2026-03-24 07:59:29Z" duration="0.038608" asserts="0">
              <properties />
              <output><![CDATA[[Save] 设置已保存: C:\Users\ADMINI~1\AppData\Local\Temp\shrimp-save-atomic-d6700338ed434de4957e6bced3ac7207\settings.dat
[Save] Loaded settings from backup: C:\Users\ADMINI~1\AppData\Local\Temp\shrimp-save-atomic-d6700338ed434de4957e6bced3ac7207\settings.dat.bak
]]></output>
            </test-case>
            <test-case id="1165" name="SaveManager_SaveGame_SecondWrite_CreatesBackupFile" fullname="ThirdPersonController.Tests.SaveManagerAtomicRegressionTests.SaveManager_SaveGame_SecondWrite_CreatesBackupFile" methodname="SaveManager_SaveGame_SecondWrite_CreatesBackupFile" classname="ThirdPersonController.Tests.SaveManagerAtomicRegressionTests" runstate="Runnable" seed="1395315086" result="Passed" start-time="2026-03-24 07:59:29Z" end-time="2026-03-24 07:59:29Z" duration="0.031129" asserts="0">
              <properties />
              <output><![CDATA[[Save] 游戏已保存: C:\Users\ADMINI~1\AppData\Local\Temp\shrimp-save-atomic-e22a4aea8c8a4d6e8537e0d844522fdd\savegame.dat
[Save] 游戏已保存: C:\Users\ADMINI~1\AppData\Local\Temp\shrimp-save-atomic-e22a4aea8c8a4d6e8537e0d844522fdd\savegame.dat
]]></output>
            </test-case>
          </test-suite>
          <test-suite type="TestFixture" id="1167" name="SkillBoundaryP1RegressionTests" fullname="ThirdPersonController.Tests.SkillBoundaryP1RegressionTests" classname="ThirdPersonController.Tests.SkillBoundaryP1RegressionTests" runstate="Runnable" testcasecount="6" result="Passed" start-time="2026-03-24 07:59:29Z" end-time="2026-03-24 07:59:29Z" duration="0.048757" total="6" passed="6" failed="0" inconclusive="0" skipped="0" asserts="0">
            <properties />
            <test-case id="1171" name="DashAttackSkill_OnInterrupted_RestoresMovementAndClearsDashHitGate" fullname="ThirdPersonController.Tests.SkillBoundaryP1RegressionTests.DashAttackSkill_OnInterrupted_RestoresMovementAndClearsDashHitGate" methodname="DashAttackSkill_OnInterrupted_RestoresMovementAndClearsDashHitGate" classname="ThirdPersonController.Tests.SkillBoundaryP1RegressionTests" runstate="Runnable" seed="1667136378" result="Passed" start-time="2026-03-24 07:59:29Z" end-time="2026-03-24 07:59:29Z" duration="0.001917" asserts="0">
              <properties />
            </test-case>
            <test-case id="1168" name="SkillBase_CooldownLifecycle_TransitionsToReady" fullname="ThirdPersonController.Tests.SkillBoundaryP1RegressionTests.SkillBase_CooldownLifecycle_TransitionsToReady" methodname="SkillBase_CooldownLifecycle_TransitionsToReady" classname="ThirdPersonController.Tests.SkillBoundaryP1RegressionTests" runstate="Runnable" seed="2072998529" result="Passed" start-time="2026-03-24 07:59:29Z" end-time="2026-03-24 07:59:29Z" duration="0.001612" asserts="0">
              <properties />
            </test-case>
            <test-case id="1170" name="SkillManager_TryUseSkill_ExecutesAndStartsCooldown" fullname="ThirdPersonController.Tests.SkillBoundaryP1RegressionTests.SkillManager_TryUseSkill_ExecutesAndStartsCooldown" methodname="SkillManager_TryUseSkill_ExecutesAndStartsCooldown" classname="ThirdPersonController.Tests.SkillBoundaryP1RegressionTests" runstate="Runnable" seed="840882178" result="Passed" start-time="2026-03-24 07:59:29Z" end-time="2026-03-24 07:59:29Z" duration="0.007156" asserts="0">
              <properties />
              <output><![CDATA[[SkillManager] Startup | player=True stamina=False input=False action=False buffer=False timeline=False skills=6/6 autoLoad=True
[SkillManager] Resource gap | slot=0 skill=Whirlwind iconMissing=True audioMissing=True fxMissing=True
[SkillManager] Resource gap | slot=1 skill=Shockwave iconMissing=True audioMissing=True fxMissing=True
[SkillManager] Resource gap | slot=2 skill=Dash Attack iconMissing=True audioMissing=True fxMissing=True
[SkillManager] Resource gap | slot=3 skill=Berserk iconMissing=True audioMissing=True fxMissing=True
[SkillManager] Resource gap | slot=4 skill=Pull iconMissing=True audioMissing=True fxMissing=True
[SkillManager] Resource gap | slot=5 skill=Ultimate Judgment iconMissing=True audioMissing=True fxMissing=True
[SkillManager] Resource audit summary | anyGap=6 iconGap=6 audioGap=6 fxGap=6
[SkillManager] Cast skill: P1_TestSkill
]]></output>
            </test-case>
            <test-case id="1169" name="SkillManager_TryUseSkill_InvalidOrEmptySlot_ReturnsFalse" fullname="ThirdPersonController.Tests.SkillBoundaryP1RegressionTests.SkillManager_TryUseSkill_InvalidOrEmptySlot_ReturnsFalse" methodname="SkillManager_TryUseSkill_InvalidOrEmptySlot_ReturnsFalse" classname="ThirdPersonController.Tests.SkillBoundaryP1RegressionTests" runstate="Runnable" seed="1526276423" result="Passed" start-time="2026-03-24 07:59:29Z" end-time="2026-03-24 07:59:29Z" duration="0.005467" asserts="0">
              <properties />
              <output><![CDATA[[SkillManager] Startup | player=True stamina=False input=False action=False buffer=False timeline=False skills=6/6 autoLoad=True
[SkillManager] Resource gap | slot=0 skill=Whirlwind iconMissing=True audioMissing=True fxMissing=True
[SkillManager] Resource gap | slot=1 skill=Shockwave iconMissing=True audioMissing=True fxMissing=True
[SkillManager] Resource gap | slot=2 skill=Dash Attack iconMissing=True audioMissing=True fxMissing=True
[SkillManager] Resource gap | slot=3 skill=Berserk iconMissing=True audioMissing=True fxMissing=True
[SkillManager] Resource gap | slot=4 skill=Pull iconMissing=True audioMissing=True fxMissing=True
[SkillManager] Resource gap | slot=5 skill=Ultimate Judgment iconMissing=True audioMissing=True fxMissing=True
[SkillManager] Resource audit summary | anyGap=6 iconGap=6 audioGap=6 fxGap=6
[SkillManager] Skill slot 0 is empty.
]]></output>
            </test-case>
            <test-case id="1173" name="Skills_DefaultCategory_AssignedWhenUnset" fullname="ThirdPersonController.Tests.SkillBoundaryP1RegressionTests.Skills_DefaultCategory_AssignedWhenUnset" methodname="Skills_DefaultCategory_AssignedWhenUnset" classname="ThirdPersonController.Tests.SkillBoundaryP1RegressionTests" runstate="Runnable" seed="1933931755" result="Passed" start-time="2026-03-24 07:59:29Z" end-time="2026-03-24 07:59:29Z" duration="0.001899" asserts="0">
              <properties />
            </test-case>
            <test-case id="1172" name="UltimateSkill_OnInterrupted_RestoresTimeScale" fullname="ThirdPersonController.Tests.SkillBoundaryP1RegressionTests.UltimateSkill_OnInterrupted_RestoresTimeScale" methodname="UltimateSkill_OnInterrupted_RestoresTimeScale" classname="ThirdPersonController.Tests.SkillBoundaryP1RegressionTests" runstate="Runnable" seed="269331424" result="Passed" start-time="2026-03-24 07:59:29Z" end-time="2026-03-24 07:59:29Z" duration="0.001323" asserts="0">
              <properties />
            </test-case>
          </test-suite>
          <test-suite type="TestFixture" id="1174" name="SteamCloudSaveBridgeRegressionTests" fullname="ThirdPersonController.Tests.SteamCloudSaveBridgeRegressionTests" classname="ThirdPersonController.Tests.SteamCloudSaveBridgeRegressionTests" runstate="Runnable" testcasecount="5" result="Passed" start-time="2026-03-24 07:59:29Z" end-time="2026-03-24 07:59:29Z" duration="0.082828" total="5" passed="5" failed="0" inconclusive="0" skipped="0" asserts="0">
            <properties />
            <test-case id="1178" name="SteamCloudSaveBridge_NewestPriority_DownloadsCloudWhenCloudTimestampNewer" fullname="ThirdPersonController.Tests.SteamCloudSaveBridgeRegressionTests.SteamCloudSaveBridge_NewestPriority_DownloadsCloudWhenCloudTimestampNewer" methodname="SteamCloudSaveBridge_NewestPriority_DownloadsCloudWhenCloudTimestampNewer" classname="ThirdPersonController.Tests.SteamCloudSaveBridgeRegressionTests" runstate="Runnable" seed="1179475778" result="Passed" start-time="2026-03-24 07:59:29Z" end-time="2026-03-24 07:59:29Z" duration="0.025335" asserts="0">
              <properties />
              <output><![CDATA[[SteamCloud] Newest -> Cloud (savegame.dat) | C:/Users/Administrator/AppData/LocalLow/DefaultCompany/Shrimp\savegame.dat
]]></output>
            </test-case>
            <test-case id="1179" name="SteamCloudSaveBridge_NewestPriority_UploadsLocalWhenLocalTimestampNewer" fullname="ThirdPersonController.Tests.SteamCloudSaveBridgeRegressionTests.SteamCloudSaveBridge_NewestPriority_UploadsLocalWhenLocalTimestampNewer" methodname="SteamCloudSaveBridge_NewestPriority_UploadsLocalWhenLocalTimestampNewer" classname="ThirdPersonController.Tests.SteamCloudSaveBridgeRegressionTests" runstate="Runnable" seed="1234880222" result="Passed" start-time="2026-03-24 07:59:29Z" end-time="2026-03-24 07:59:29Z" duration="0.003945" asserts="0">
              <properties />
              <output><![CDATA[[SteamCloud] Newest -> Local (savegame.dat) | C:/Users/Administrator/AppData/LocalLow/DefaultCompany/Shrimp\savegame.dat
]]></output>
            </test-case>
            <test-case id="1177" name="SteamCloudSaveBridge_PullSettings_AppliesLocalizationLanguage" fullname="ThirdPersonController.Tests.SteamCloudSaveBridgeRegressionTests.SteamCloudSaveBridge_PullSettings_AppliesLocalizationLanguage" methodname="SteamCloudSaveBridge_PullSettings_AppliesLocalizationLanguage" classname="ThirdPersonController.Tests.SteamCloudSaveBridgeRegressionTests" runstate="Runnable" seed="1594981035" result="Passed" start-time="2026-03-24 07:59:29Z" end-time="2026-03-24 07:59:29Z" duration="0.023107" asserts="0">
              <properties />
              <output><![CDATA[[SteamCloud] Local -> Cloud (savegame.dat) | C:/Users/Administrator/AppData/LocalLow/DefaultCompany/Shrimp\savegame.dat
[SteamCloud] Cloud -> Local (settings.dat) | C:/Users/Administrator/AppData/LocalLow/DefaultCompany/Shrimp\settings.dat
[Save] Loaded local settings.
]]></output>
            </test-case>
            <test-case id="1176" name="SteamCloudSaveBridge_PushToCloud_UploadsLocalSaveFile" fullname="ThirdPersonController.Tests.SteamCloudSaveBridgeRegressionTests.SteamCloudSaveBridge_PushToCloud_UploadsLocalSaveFile" methodname="SteamCloudSaveBridge_PushToCloud_UploadsLocalSaveFile" classname="ThirdPersonController.Tests.SteamCloudSaveBridgeRegressionTests" runstate="Runnable" seed="2048364028" result="Passed" start-time="2026-03-24 07:59:29Z" end-time="2026-03-24 07:59:29Z" duration="0.005522" asserts="0">
              <properties />
            </test-case>
            <test-case id="1175" name="SteamCloudSaveBridge_TryPullFromCloud_DownloadsMissingLocalSave" fullname="ThirdPersonController.Tests.SteamCloudSaveBridgeRegressionTests.SteamCloudSaveBridge_TryPullFromCloud_DownloadsMissingLocalSave" methodname="SteamCloudSaveBridge_TryPullFromCloud_DownloadsMissingLocalSave" classname="ThirdPersonController.Tests.SteamCloudSaveBridgeRegressionTests" runstate="Runnable" seed="1381363858" result="Passed" start-time="2026-03-24 07:59:29Z" end-time="2026-03-24 07:59:29Z" duration="0.004040" asserts="0">
              <properties />
              <output><![CDATA[[SteamCloud] Cloud -> Local (savegame.dat) | C:/Users/Administrator/AppData/LocalLow/DefaultCompany/Shrimp\savegame.dat
]]></output>
            </test-case>
          </test-suite>
          <test-suite type="TestFixture" id="1180" name="SteamIntegrationBootstrapRegressionTests" fullname="ThirdPersonController.Tests.SteamIntegrationBootstrapRegressionTests" classname="ThirdPersonController.Tests.SteamIntegrationBootstrapRegressionTests" runstate="Runnable" testcasecount="1" result="Passed" start-time="2026-03-24 07:59:29Z" end-time="2026-03-24 07:59:29Z" duration="0.027487" total="1" passed="1" failed="0" inconclusive="0" skipped="0" asserts="0">
            <properties />
            <test-case id="1181" name="SteamIntegrationBootstrap_Bootstrap_AppliesResolvedConfigToServiceAndTrackers" fullname="ThirdPersonController.Tests.SteamIntegrationBootstrapRegressionTests.SteamIntegrationBootstrap_Bootstrap_AppliesResolvedConfigToServiceAndTrackers" methodname="SteamIntegrationBootstrap_Bootstrap_AppliesResolvedConfigToServiceAndTrackers" classname="ThirdPersonController.Tests.SteamIntegrationBootstrapRegressionTests" runstate="Runnable" seed="220071308" result="Passed" start-time="2026-03-24 07:59:29Z" end-time="2026-03-24 07:59:29Z" duration="0.005712" asserts="0">
              <properties />
            </test-case>
          </test-suite>
          <test-suite type="TestFixture" id="1182" name="SteamIntegrationConfigRegressionTests" fullname="ThirdPersonController.Tests.SteamIntegrationConfigRegressionTests" classname="ThirdPersonController.Tests.SteamIntegrationConfigRegressionTests" runstate="Runnable" testcasecount="3" result="Passed" start-time="2026-03-24 07:59:29Z" end-time="2026-03-24 07:59:29Z" duration="0.022705" total="3" passed="3" failed="0" inconclusive="0" skipped="0" asserts="0">
            <properties />
            <test-case id="1183" name="SteamAchievementTracker_ApplyConfig_MapsEnableFlag" fullname="ThirdPersonController.Tests.SteamIntegrationConfigRegressionTests.SteamAchievementTracker_ApplyConfig_MapsEnableFlag" methodname="SteamAchievementTracker_ApplyConfig_MapsEnableFlag" classname="ThirdPersonController.Tests.SteamIntegrationConfigRegressionTests" runstate="Runnable" seed="1509934622" result="Passed" start-time="2026-03-24 07:59:29Z" end-time="2026-03-24 07:59:29Z" duration="0.003424" asserts="0">
              <properties />
              <output><![CDATA[[Steam] Achievement unlocked: pearl_initiate
]]></output>
            </test-case>
            <test-case id="1185" name="SteamCloudSaveBridge_ApplyConfig_MapsCloudSettings" fullname="ThirdPersonController.Tests.SteamIntegrationConfigRegressionTests.SteamCloudSaveBridge_ApplyConfig_MapsCloudSettings" methodname="SteamCloudSaveBridge_ApplyConfig_MapsCloudSettings" classname="ThirdPersonController.Tests.SteamIntegrationConfigRegressionTests" runstate="Runnable" seed="1757724835" result="Passed" start-time="2026-03-24 07:59:29Z" end-time="2026-03-24 07:59:29Z" duration="0.000690" asserts="0">
              <properties />
            </test-case>
            <test-case id="1184" name="SteamStatsTracker_ApplyConfig_MapsEnableAndFlushInterval" fullname="ThirdPersonController.Tests.SteamIntegrationConfigRegressionTests.SteamStatsTracker_ApplyConfig_MapsEnableAndFlushInterval" methodname="SteamStatsTracker_ApplyConfig_MapsEnableAndFlushInterval" classname="ThirdPersonController.Tests.SteamIntegrationConfigRegressionTests" runstate="Runnable" seed="1369960305" result="Passed" start-time="2026-03-24 07:59:29Z" end-time="2026-03-24 07:59:29Z" duration="0.000760" asserts="0">
              <properties />
            </test-case>
          </test-suite>
          <test-suite type="TestFixture" id="1186" name="SteamIntegrationStatusRegressionTests" fullname="ThirdPersonController.Tests.SteamIntegrationStatusRegressionTests" classname="ThirdPersonController.Tests.SteamIntegrationStatusRegressionTests" runstate="Runnable" testcasecount="4" result="Passed" start-time="2026-03-24 07:59:29Z" end-time="2026-03-24 07:59:29Z" duration="0.035787" total="4" passed="4" failed="0" inconclusive="0" skipped="0" asserts="0">
            <properties />
            <test-case id="1189" name="SteamIntegrationService_ApplyConfig_UpdatesServiceFlags" fullname="ThirdPersonController.Tests.SteamIntegrationStatusRegressionTests.SteamIntegrationService_ApplyConfig_UpdatesServiceFlags" methodname="SteamIntegrationService_ApplyConfig_UpdatesServiceFlags" classname="ThirdPersonController.Tests.SteamIntegrationStatusRegressionTests" runstate="Runnable" seed="1574444163" result="Passed" start-time="2026-03-24 07:59:29Z" end-time="2026-03-24 07:59:29Z" duration="0.001846" asserts="0">
              <properties />
            </test-case>
            <test-case id="1188" name="SteamIntegrationService_RefreshRuntimeStatus_EmitsStateChange" fullname="ThirdPersonController.Tests.SteamIntegrationStatusRegressionTests.SteamIntegrationService_RefreshRuntimeStatus_EmitsStateChange" methodname="SteamIntegrationService_RefreshRuntimeStatus_EmitsStateChange" classname="ThirdPersonController.Tests.SteamIntegrationStatusRegressionTests" runstate="Runnable" seed="1390671170" result="Passed" start-time="2026-03-24 07:59:29Z" end-time="2026-03-24 07:59:29Z" duration="0.006316" asserts="0">
              <properties />
              <output><![CDATA[[Steam] Runtime validation failed: Steam backend selected but client is not initialized.
]]></output>
            </test-case>
            <test-case id="1187" name="SteamIntegrationService_RuntimeStatus_MatchesCurrentServiceFlags" fullname="ThirdPersonController.Tests.SteamIntegrationStatusRegressionTests.SteamIntegrationService_RuntimeStatus_MatchesCurrentServiceFlags" methodname="SteamIntegrationService_RuntimeStatus_MatchesCurrentServiceFlags" classname="ThirdPersonController.Tests.SteamIntegrationStatusRegressionTests" runstate="Runnable" seed="17220172" result="Passed" start-time="2026-03-24 07:59:29Z" end-time="2026-03-24 07:59:29Z" duration="0.002033" asserts="0">
              <properties />
              <output><![CDATA[[Steam] Steamworks unavailable. Using local compatibility backend.
]]></output>
            </test-case>
            <test-case id="1190" name="SteamIntegrationService_RuntimeStatus_RequireRealBackend_WithStub_IsInvalid" fullname="ThirdPersonController.Tests.SteamIntegrationStatusRegressionTests.SteamIntegrationService_RuntimeStatus_RequireRealBackend_WithStub_IsInvalid" methodname="SteamIntegrationService_RuntimeStatus_RequireRealBackend_WithStub_IsInvalid" classname="ThirdPersonController.Tests.SteamIntegrationStatusRegressionTests" runstate="Runnable" seed="1901908919" result="Passed" start-time="2026-03-24 07:59:29Z" end-time="2026-03-24 07:59:29Z" duration="0.002143" asserts="0">
              <properties />
              <output><![CDATA[[Steam] Steamworks unavailable. Using local compatibility backend.
[Steam] Runtime validation failed: Real backend required but runtime is using stub backend.
[Steam] Steamworks unavailable. Using local compatibility backend.
]]></output>
            </test-case>
          </test-suite>
        </test-suite>
      </test-suite>
    </test-suite>
  </test-suite>
</test-run>